TN:
SF:/home/runner/work/assimilate/assimilate/crates/agent/src/backup.rs
FN:1006,_RNvNtCs17DbJuMTePR_5agent6backup19stderr_has_warnings
FN:1007,_RNCNvNtCs17DbJuMTePR_5agent6backup19stderr_has_warnings0B5_
FN:1023,_RNvNtCs17DbJuMTePR_5agent6backup27filter_file_change_warnings
FN:1031,_RNCNvNtCs17DbJuMTePR_5agent6backup27filter_file_change_warnings0B5_
FN:1051,_RNvNtCs17DbJuMTePR_5agent6backup29parse_source_not_found_errors
FN:1054,_RNCNvNtCs17DbJuMTePR_5agent6backup29parse_source_not_found_errors0B5_
FN:115,_RNvMs0_NtCs17DbJuMTePR_5agent6backupNtB5_12BackupTarget15for_maintenance
FN:163,_RNvMs1_NtCs17DbJuMTePR_5agent6backupNtB5_12BackupEngine3new
FN:190,_RNvMs1_NtCs17DbJuMTePR_5agent6backupNtB5_12BackupEngine10run_backup
FN:195,_RNCNvMs1_NtCs17DbJuMTePR_5agent6backupNtB7_12BackupEngine10run_backup0B9_
FN:202,_RNCNCNvMs1_NtCs17DbJuMTePR_5agent6backupNtB9_12BackupEngine10run_backup00Bb_
FN:257,_RNCNvMs1_NtCs17DbJuMTePR_5agent6backupNtB7_12BackupEngine16run_hook_command0B9_
FN:257,_RNvMs1_NtCs17DbJuMTePR_5agent6backupNtB5_12BackupEngine16run_hook_command
FN:265,_RNCNCNvMs1_NtCs17DbJuMTePR_5agent6backupNtB9_12BackupEngine16run_hook_command00Bb_
FN:287,_RNvMs1_NtCs17DbJuMTePR_5agent6backupNtB5_12BackupEngine16run_borg_command
FN:292,_RNCNvMs1_NtCs17DbJuMTePR_5agent6backupNtB7_12BackupEngine16run_borg_command0B9_
FN:298,_RNCNCNvMs1_NtCs17DbJuMTePR_5agent6backupNtB9_12BackupEngine16run_borg_command00Bb_
FN:305,_RNvMs1_NtCs17DbJuMTePR_5agent6backupNtB5_12BackupEngine23run_borg_command_in_dir
FN:311,_RNCNvMs1_NtCs17DbJuMTePR_5agent6backupNtB7_12BackupEngine23run_borg_command_in_dir0B9_
FN:320,_RNCNCNvMs1_NtCs17DbJuMTePR_5agent6backupNtB9_12BackupEngine23run_borg_command_in_dir00Bb_
FN:327,_RNvMs1_NtCs17DbJuMTePR_5agent6backupNtB5_12BackupEngine18write_exclude_file
FN:336,_RNvMs1_NtCs17DbJuMTePR_5agent6backupNtB5_12BackupEngine8borg_env
FN:370,_RNvMs1_NtCs17DbJuMTePR_5agent6backupNtB5_12BackupEngine15compression_arg
FN:374,_RNvMs1_NtCs17DbJuMTePR_5agent6backupNtB5_12BackupEngine15run_borg_create
FN:38,_RNvMNtCs17DbJuMTePR_5agent6backupNtB2_11BackupError12borg_command
FN:380,_RNCNvMs1_NtCs17DbJuMTePR_5agent6backupNtB7_12BackupEngine15run_borg_create0B9_
FN:459,_RNvMs1_NtCs17DbJuMTePR_5agent6backupNtB5_12BackupEngine22preview_create_command
FN:474,_RINvMs1_NtCs17DbJuMTePR_5agent6backupNtB6_12BackupEngine21format_command_stringNtNtCs8y6E41fb8tc_5alloc6string6StringEB8_
FN:483,_RNCINvMs1_NtCs17DbJuMTePR_5agent6backupNtB8_12BackupEngine21format_command_stringNtNtCs8y6E41fb8tc_5alloc6string6StringE0Ba_
FN:489,_RNvMs1_NtCs17DbJuMTePR_5agent6backupNtB5_12BackupEngine20format_command_slice
FN:500,_RNvMs1_NtCs17DbJuMTePR_5agent6backupNtB5_12BackupEngine16borg_create_args
FN:525,_RNCNvMs1_NtCs17DbJuMTePR_5agent6backupNtB7_12BackupEngine16borg_create_args0B9_
FN:535,_RNCNvMs1_NtCs17DbJuMTePR_5agent6backupNtB7_12BackupEngine14run_borg_prune0B9_
FN:535,_RNvMs1_NtCs17DbJuMTePR_5agent6backupNtB5_12BackupEngine14run_borg_prune
FN:611,_RNCNvMs1_NtCs17DbJuMTePR_5agent6backupNtB7_12BackupEngine16run_borg_compact0B9_
FN:611,_RNvMs1_NtCs17DbJuMTePR_5agent6backupNtB5_12BackupEngine16run_borg_compact
FN:640,_RNCNvMs1_NtCs17DbJuMTePR_5agent6backupNtB7_12BackupEngine9run_check0B9_
FN:640,_RNvMs1_NtCs17DbJuMTePR_5agent6backupNtB5_12BackupEngine9run_check
FN:670,_RNCNvMs1_NtCs17DbJuMTePR_5agent6backupNtB7_12BackupEngine10run_verify0B9_
FN:670,_RNvMs1_NtCs17DbJuMTePR_5agent6backupNtB5_12BackupEngine10run_verify
FN:730,_RNCNvMs1_NtCs17DbJuMTePR_5agent6backupNtB7_12BackupEngine12write_canary0B9_
FN:730,_RNvMs1_NtCs17DbJuMTePR_5agent6backupNtB5_12BackupEngine12write_canary
FN:733,_RNCNCNvMs1_NtCs17DbJuMTePR_5agent6backupNtB9_12BackupEngine12write_canary00Bb_
FN:738,_RNCNCNvMs1_NtCs17DbJuMTePR_5agent6backupNtB9_12BackupEngine12write_canary0s_0Bb_
FN:756,_RNvMs1_NtCs17DbJuMTePR_5agent6backupNtB5_12BackupEngine13verify_canary
FN:761,_RNCNvMs1_NtCs17DbJuMTePR_5agent6backupNtB7_12BackupEngine13verify_canary0B9_
FN:78,_RNvXs_NtCs17DbJuMTePR_5agent6backupNtB4_12BackupTargetNtNtCs3BFokC4QLxY_4core7default7Default7default
FN:785,_RNvMs1_NtCs17DbJuMTePR_5agent6backupNtB5_12BackupEngine25extract_and_verify_canary
FN:790,_RNCNvMs1_NtCs17DbJuMTePR_5agent6backupNtB7_12BackupEngine25extract_and_verify_canary0B9_
FN:825,_RNCNCNvMs1_NtCs17DbJuMTePR_5agent6backupNtB9_12BackupEngine25extract_and_verify_canary00Bb_
FN:839,_RNCNvMs1_NtCs17DbJuMTePR_5agent6backupNtB7_12BackupEngine14cleanup_canary0B9_
FN:839,_RNvMs1_NtCs17DbJuMTePR_5agent6backupNtB5_12BackupEngine14cleanup_canary
FN:846,_RNvNtCs17DbJuMTePR_5agent6backup19borg_rsh_for_target
FN:848,_RNCNvNtCs17DbJuMTePR_5agent6backup19borg_rsh_for_target0B5_
FN:855,_RNCNvNtCs17DbJuMTePR_5agent6backup19borg_rsh_for_targets_0B5_
FN:859,_RNvNtCs17DbJuMTePR_5agent6backup12timeout_secs
FN:891,_RNvNtCs17DbJuMTePR_5agent6backup16parse_json_stats
FN:894,_RNCNvNtCs17DbJuMTePR_5agent6backup16parse_json_stats0B5_
FN:898,_RNCNvNtCs17DbJuMTePR_5agent6backup16parse_json_statss_0B5_
FN:899,_RNCNvNtCs17DbJuMTePR_5agent6backup16parse_json_statss0_0B5_
FN:904,_RNCNvNtCs17DbJuMTePR_5agent6backup16parse_json_statss1_0B5_
FN:909,_RNCNvNtCs17DbJuMTePR_5agent6backup16parse_json_statss2_0B5_
FN:914,_RNCNvNtCs17DbJuMTePR_5agent6backup16parse_json_statss3_0B5_
FN:918,_RNCNvNtCs17DbJuMTePR_5agent6backup16parse_json_statss4_0B5_
FN:919,_RNCNvNtCs17DbJuMTePR_5agent6backup16parse_json_statss5_0B5_
FN:926,_RNCNvNtCs17DbJuMTePR_5agent6backup16parse_json_statss6_0B5_
FN:964,_RNvMs2_NtCs17DbJuMTePR_5agent6backupNtB5_12BorgLogLevel19is_warning_or_error
FN:990,_RNvNtCs17DbJuMTePR_5agent6backup14parse_warnings
FN:993,_RNCNvNtCs17DbJuMTePR_5agent6backup14parse_warnings0B5_
FNDA:0,_RNvNtCs17DbJuMTePR_5agent6backup19stderr_has_warnings
FNDA:0,_RNCNvNtCs17DbJuMTePR_5agent6backup19stderr_has_warnings0B5_
FNDA:0,_RNvNtCs17DbJuMTePR_5agent6backup27filter_file_change_warnings
FNDA:0,_RNCNvNtCs17DbJuMTePR_5agent6backup27filter_file_change_warnings0B5_
FNDA:1,_RNvNtCs17DbJuMTePR_5agent6backup29parse_source_not_found_errors
FNDA:3,_RNCNvNtCs17DbJuMTePR_5agent6backup29parse_source_not_found_errors0B5_
FNDA:0,_RNvMs0_NtCs17DbJuMTePR_5agent6backupNtB5_12BackupTarget15for_maintenance
FNDA:3,_RNvMs1_NtCs17DbJuMTePR_5agent6backupNtB5_12BackupEngine3new
FNDA:2,_RNvMs1_NtCs17DbJuMTePR_5agent6backupNtB5_12BackupEngine10run_backup
FNDA:2,_RNCNvMs1_NtCs17DbJuMTePR_5agent6backupNtB7_12BackupEngine10run_backup0B9_
FNDA:0,_RNCNCNvMs1_NtCs17DbJuMTePR_5agent6backupNtB9_12BackupEngine10run_backup00Bb_
FNDA:0,_RNCNvMs1_NtCs17DbJuMTePR_5agent6backupNtB7_12BackupEngine16run_hook_command0B9_
FNDA:0,_RNvMs1_NtCs17DbJuMTePR_5agent6backupNtB5_12BackupEngine16run_hook_command
FNDA:0,_RNCNCNvMs1_NtCs17DbJuMTePR_5agent6backupNtB9_12BackupEngine16run_hook_command00Bb_
FNDA:0,_RNvMs1_NtCs17DbJuMTePR_5agent6backupNtB5_12BackupEngine16run_borg_command
FNDA:0,_RNCNvMs1_NtCs17DbJuMTePR_5agent6backupNtB7_12BackupEngine16run_borg_command0B9_
FNDA:0,_RNCNCNvMs1_NtCs17DbJuMTePR_5agent6backupNtB9_12BackupEngine16run_borg_command00Bb_
FNDA:0,_RNvMs1_NtCs17DbJuMTePR_5agent6backupNtB5_12BackupEngine23run_borg_command_in_dir
FNDA:0,_RNCNvMs1_NtCs17DbJuMTePR_5agent6backupNtB7_12BackupEngine23run_borg_command_in_dir0B9_
FNDA:0,_RNCNCNvMs1_NtCs17DbJuMTePR_5agent6backupNtB9_12BackupEngine23run_borg_command_in_dir00Bb_
FNDA:2,_RNvMs1_NtCs17DbJuMTePR_5agent6backupNtB5_12BackupEngine18write_exclude_file
FNDA:2,_RNvMs1_NtCs17DbJuMTePR_5agent6backupNtB5_12BackupEngine8borg_env
FNDA:4,_RNvMs1_NtCs17DbJuMTePR_5agent6backupNtB5_12BackupEngine15compression_arg
FNDA:2,_RNvMs1_NtCs17DbJuMTePR_5agent6backupNtB5_12BackupEngine15run_borg_create
FNDA:1,_RNvMNtCs17DbJuMTePR_5agent6backupNtB2_11BackupError12borg_command
FNDA:2,_RNCNvMs1_NtCs17DbJuMTePR_5agent6backupNtB7_12BackupEngine15run_borg_create0B9_
FNDA:2,_RNvMs1_NtCs17DbJuMTePR_5agent6backupNtB5_12BackupEngine22preview_create_command
FNDA:4,_RINvMs1_NtCs17DbJuMTePR_5agent6backupNtB6_12BackupEngine21format_command_stringNtNtCs8y6E41fb8tc_5alloc6string6StringEB8_
FNDA:76,_RNCINvMs1_NtCs17DbJuMTePR_5agent6backupNtB8_12BackupEngine21format_command_stringNtNtCs8y6E41fb8tc_5alloc6string6StringE0Ba_
FNDA:0,_RNvMs1_NtCs17DbJuMTePR_5agent6backupNtB5_12BackupEngine20format_command_slice
FNDA:4,_RNvMs1_NtCs17DbJuMTePR_5agent6backupNtB5_12BackupEngine16borg_create_args
FNDA:0,_RNCNvMs1_NtCs17DbJuMTePR_5agent6backupNtB7_12BackupEngine16borg_create_args0B9_
FNDA:0,_RNCNvMs1_NtCs17DbJuMTePR_5agent6backupNtB7_12BackupEngine14run_borg_prune0B9_
FNDA:0,_RNvMs1_NtCs17DbJuMTePR_5agent6backupNtB5_12BackupEngine14run_borg_prune
FNDA:0,_RNCNvMs1_NtCs17DbJuMTePR_5agent6backupNtB7_12BackupEngine16run_borg_compact0B9_
FNDA:0,_RNvMs1_NtCs17DbJuMTePR_5agent6backupNtB5_12BackupEngine16run_borg_compact
FNDA:0,_RNCNvMs1_NtCs17DbJuMTePR_5agent6backupNtB7_12BackupEngine9run_check0B9_
FNDA:0,_RNvMs1_NtCs17DbJuMTePR_5agent6backupNtB5_12BackupEngine9run_check
FNDA:0,_RNCNvMs1_NtCs17DbJuMTePR_5agent6backupNtB7_12BackupEngine10run_verify0B9_
FNDA:0,_RNvMs1_NtCs17DbJuMTePR_5agent6backupNtB5_12BackupEngine10run_verify
FNDA:2,_RNCNvMs1_NtCs17DbJuMTePR_5agent6backupNtB7_12BackupEngine12write_canary0B9_
FNDA:2,_RNvMs1_NtCs17DbJuMTePR_5agent6backupNtB5_12BackupEngine12write_canary
FNDA:0,_RNCNCNvMs1_NtCs17DbJuMTePR_5agent6backupNtB9_12BackupEngine12write_canary00Bb_
FNDA:2,_RNCNCNvMs1_NtCs17DbJuMTePR_5agent6backupNtB9_12BackupEngine12write_canary0s_0Bb_
FNDA:0,_RNvMs1_NtCs17DbJuMTePR_5agent6backupNtB5_12BackupEngine13verify_canary
FNDA:0,_RNCNvMs1_NtCs17DbJuMTePR_5agent6backupNtB7_12BackupEngine13verify_canary0B9_
FNDA:0,_RNvXs_NtCs17DbJuMTePR_5agent6backupNtB4_12BackupTargetNtNtCs3BFokC4QLxY_4core7default7Default7default
FNDA:0,_RNvMs1_NtCs17DbJuMTePR_5agent6backupNtB5_12BackupEngine25extract_and_verify_canary
FNDA:0,_RNCNvMs1_NtCs17DbJuMTePR_5agent6backupNtB7_12BackupEngine25extract_and_verify_canary0B9_
FNDA:0,_RNCNCNvMs1_NtCs17DbJuMTePR_5agent6backupNtB9_12BackupEngine25extract_and_verify_canary00Bb_
FNDA:0,_RNCNvMs1_NtCs17DbJuMTePR_5agent6backupNtB7_12BackupEngine14cleanup_canary0B9_
FNDA:0,_RNvMs1_NtCs17DbJuMTePR_5agent6backupNtB5_12BackupEngine14cleanup_canary
FNDA:2,_RNvNtCs17DbJuMTePR_5agent6backup19borg_rsh_for_target
FNDA:0,_RNCNvNtCs17DbJuMTePR_5agent6backup19borg_rsh_for_target0B5_
FNDA:2,_RNCNvNtCs17DbJuMTePR_5agent6backup19borg_rsh_for_targets_0B5_
FNDA:0,_RNvNtCs17DbJuMTePR_5agent6backup12timeout_secs
FNDA:0,_RNvNtCs17DbJuMTePR_5agent6backup16parse_json_stats
FNDA:0,_RNCNvNtCs17DbJuMTePR_5agent6backup16parse_json_stats0B5_
FNDA:0,_RNCNvNtCs17DbJuMTePR_5agent6backup16parse_json_statss_0B5_
FNDA:0,_RNCNvNtCs17DbJuMTePR_5agent6backup16parse_json_statss0_0B5_
FNDA:0,_RNCNvNtCs17DbJuMTePR_5agent6backup16parse_json_statss1_0B5_
FNDA:0,_RNCNvNtCs17DbJuMTePR_5agent6backup16parse_json_statss2_0B5_
FNDA:0,_RNCNvNtCs17DbJuMTePR_5agent6backup16parse_json_statss3_0B5_
FNDA:0,_RNCNvNtCs17DbJuMTePR_5agent6backup16parse_json_statss4_0B5_
FNDA:0,_RNCNvNtCs17DbJuMTePR_5agent6backup16parse_json_statss5_0B5_
FNDA:0,_RNCNvNtCs17DbJuMTePR_5agent6backup16parse_json_statss6_0B5_
FNDA:0,_RNvMs2_NtCs17DbJuMTePR_5agent6backupNtB5_12BorgLogLevel19is_warning_or_error
FNDA:0,_RNvNtCs17DbJuMTePR_5agent6backup14parse_warnings
FNDA:0,_RNCNvNtCs17DbJuMTePR_5agent6backup14parse_warnings0B5_
FNF:69
FNH:20
DA:38,1
DA:39,1
DA:40,0
DA:41,1
DA:43,1
DA:78,0
DA:79,0
DA:80,0
DA:81,0
DA:82,0
DA:83,0
DA:84,0
DA:85,0
DA:86,0
DA:87,0
DA:88,0
DA:89,0
DA:90,0
DA:91,0
DA:92,0
DA:93,0
DA:94,0
DA:95,0
DA:96,0
DA:97,0
DA:98,0
DA:99,0
DA:100,0
DA:101,0
DA:102,0
DA:103,0
DA:104,0
DA:105,0
DA:106,0
DA:107,0
DA:108,0
DA:115,0
DA:116,0
DA:117,0
DA:118,0
DA:119,0
DA:120,0
DA:121,0
DA:122,0
DA:123,0
DA:124,0
DA:125,0
DA:126,0
DA:127,0
DA:128,0
DA:129,0
DA:130,0
DA:131,0
DA:163,3
DA:164,3
DA:165,3
DA:166,3
DA:167,3
DA:168,3
DA:190,2
DA:191,2
DA:192,2
DA:193,2
DA:194,2
DA:195,2
DA:196,2
DA:197,2
DA:199,2
DA:200,2
DA:201,2
DA:202,2
DA:204,0
DA:205,0
DA:206,0
DA:207,0
DA:208,2
DA:210,2
DA:211,0
DA:214,2
DA:216,2
DA:217,2
DA:218,2
DA:220,0
DA:222,0
DA:223,0
DA:226,0
DA:229,0
DA:231,0
DA:232,0
DA:233,0
DA:235,0
DA:236,0
DA:239,0
DA:241,0
DA:242,0
DA:243,0
DA:244,0
DA:245,0
DA:246,0
DA:247,0
DA:248,0
DA:249,0
DA:250,0
DA:251,0
DA:252,0
DA:253,0
DA:254,0
DA:255,1
DA:257,0
DA:258,0
DA:260,0
DA:261,0
DA:262,0
DA:263,0
DA:264,0
DA:265,0
DA:266,0
DA:267,0
DA:269,0
DA:270,0
DA:271,0
DA:272,0
DA:273,0
DA:274,0
DA:275,0
DA:277,0
DA:279,0
DA:280,0
DA:281,0
DA:282,0
DA:284,0
DA:285,0
DA:287,0
DA:288,0
DA:289,0
DA:290,0
DA:291,0
DA:292,0
DA:293,0
DA:294,0
DA:295,0
DA:296,0
DA:297,0
DA:298,0
DA:299,0
DA:300,0
DA:301,0
DA:303,0
DA:305,0
DA:306,0
DA:307,0
DA:308,0
DA:309,0
DA:310,0
DA:311,0
DA:312,0
DA:313,0
DA:314,0
DA:315,0
DA:316,0
DA:317,0
DA:318,0
DA:319,0
DA:320,0
DA:321,0
DA:322,0
DA:323,0
DA:325,0
DA:327,2
DA:328,2
DA:329,18
DA:330,18
DA:332,2
DA:333,2
DA:334,2
DA:336,2
DA:337,2
DA:338,2
DA:339,2
DA:340,2
DA:341,2
DA:344,2
DA:345,2
DA:346,2
DA:347,2
DA:348,2
DA:349,2
DA:350,2
DA:353,2
DA:354,0
DA:355,0
DA:356,0
DA:357,0
DA:358,2
DA:360,2
DA:361,2
DA:362,2
DA:363,2
DA:364,2
DA:365,2
DA:367,2
DA:368,2
DA:370,4
DA:371,4
DA:372,4
DA:374,2
DA:375,2
DA:376,2
DA:377,2
DA:378,2
DA:379,2
DA:380,2
DA:381,2
DA:382,2
DA:384,2
DA:385,2
DA:387,2
DA:389,2
DA:391,2
DA:392,2
DA:394,0
DA:397,1
DA:398,1
DA:400,1
DA:401,1
DA:402,0
DA:403,0
DA:404,0
DA:405,0
DA:406,0
DA:407,1
DA:409,0
DA:411,0
DA:412,0
DA:413,0
DA:414,0
DA:415,0
DA:417,0
DA:419,0
DA:420,0
DA:421,0
DA:422,0
DA:423,0
DA:424,0
DA:425,0
DA:426,0
DA:427,0
DA:428,0
DA:429,0
DA:430,0
DA:432,0
DA:433,0
DA:434,0
DA:435,0
DA:436,0
DA:437,0
DA:438,0
DA:439,0
DA:440,0
DA:441,0
DA:442,0
DA:443,0
DA:444,0
DA:445,0
DA:446,0
DA:447,0
DA:448,0
DA:449,0
DA:451,1
DA:452,1
DA:453,1
DA:455,1
DA:459,2
DA:460,2
DA:461,2
DA:462,2
DA:463,2
DA:464,2
DA:465,2
DA:466,2
DA:467,2
DA:469,2
DA:470,2
DA:474,4
DA:475,4
DA:476,4
DA:477,4
DA:478,4
DA:479,4
DA:481,4
DA:482,4
DA:483,76
DA:484,4
DA:485,4
DA:486,4
DA:487,4
DA:489,0
DA:490,0
DA:491,0
DA:492,0
DA:493,0
DA:494,0
DA:496,0
DA:497,0
DA:498,0
DA:500,4
DA:501,4
DA:502,4
DA:503,4
DA:504,4
DA:505,4
DA:506,4
DA:507,4
DA:509,4
DA:510,4
DA:511,4
DA:512,4
DA:513,4
DA:514,4
DA:515,4
DA:516,4
DA:517,4
DA:518,4
DA:519,4
DA:520,4
DA:521,4
DA:522,4
DA:525,4
DA:526,0
DA:527,0
DA:528,4
DA:530,4
DA:532,4
DA:533,4
DA:535,0
DA:536,0
DA:537,0
DA:538,0
DA:539,0
DA:540,0
DA:542,0
DA:543,0
DA:544,0
DA:545,0
DA:547,0
DA:548,0
DA:549,0
DA:550,0
DA:551,0
DA:552,0
DA:554,0
DA:556,0
DA:557,0
DA:558,0
DA:559,0
DA:560,0
DA:561,0
DA:562,0
DA:565,0
DA:566,0
DA:567,0
DA:568,0
DA:569,0
DA:570,0
DA:571,0
DA:572,0
DA:573,0
DA:574,0
DA:575,0
DA:576,0
DA:577,0
DA:578,0
DA:579,0
DA:580,0
DA:581,0
DA:582,0
DA:583,0
DA:584,0
DA:586,0
DA:588,0
DA:590,0
DA:592,0
DA:593,0
DA:594,0
DA:595,0
DA:596,0
DA:597,0
DA:598,0
DA:600,0
DA:601,0
DA:602,0
DA:603,0
DA:604,0
DA:605,0
DA:606,0
DA:608,0
DA:609,0
DA:611,0
DA:612,0
DA:614,0
DA:616,0
DA:617,0
DA:618,0
DA:619,0
DA:621,0
DA:622,0
DA:623,0
DA:624,0
DA:625,0
DA:626,0
DA:627,0
DA:629,0
DA:630,0
DA:631,0
DA:632,0
DA:633,0
DA:634,0
DA:635,0
DA:637,0
DA:638,0
DA:640,0
DA:641,0
DA:643,0
DA:645,0
DA:646,0
DA:647,0
DA:648,0
DA:650,0
DA:651,0
DA:652,0
DA:653,0
DA:654,0
DA:655,0
DA:656,0
DA:658,0
DA:659,0
DA:660,0
DA:661,0
DA:662,0
DA:663,0
DA:664,0
DA:666,0
DA:667,0
DA:668,0
DA:670,0
DA:671,0
DA:672,0
DA:674,0
DA:676,0
DA:677,0
DA:678,0
DA:679,0
DA:680,0
DA:681,0
DA:682,0
DA:683,0
DA:684,0
DA:685,0
DA:686,0
DA:687,0
DA:689,0
DA:690,0
DA:691,0
DA:692,0
DA:693,0
DA:694,0
DA:695,0
DA:697,0
DA:699,0
DA:700,0
DA:701,0
DA:702,0
DA:703,0
DA:705,0
DA:706,0
DA:707,0
DA:708,0
DA:709,0
DA:710,0
DA:711,0
DA:712,0
DA:713,0
DA:714,0
DA:715,0
DA:716,0
DA:718,0
DA:719,0
DA:720,0
DA:721,0
DA:722,0
DA:723,0
DA:724,0
DA:726,0
DA:727,0
DA:728,0
DA:730,2
DA:731,2
DA:732,4
DA:733,4
DA:734,0
DA:735,0
DA:736,4
DA:738,2
DA:739,2
DA:740,2
DA:742,0
DA:743,0
DA:744,0
DA:746,0
DA:747,0
DA:749,0
DA:750,0
DA:751,0
DA:752,0
DA:753,0
DA:754,2
DA:756,0
DA:757,0
DA:758,0
DA:759,0
DA:760,0
DA:761,0
DA:762,0
DA:763,0
DA:764,0
DA:767,0
DA:768,0
DA:769,0
DA:770,0
DA:771,0
DA:772,0
DA:774,0
DA:775,0
DA:776,0
DA:777,0
DA:778,0
DA:779,0
DA:780,0
DA:783,0
DA:785,0
DA:786,0
DA:787,0
DA:788,0
DA:789,0
DA:790,0
DA:791,0
DA:792,0
DA:793,0
DA:795,0
DA:796,0
DA:797,0
DA:798,0
DA:799,0
DA:800,0
DA:802,0
DA:803,0
DA:804,0
DA:805,0
DA:806,0
DA:807,0
DA:808,0
DA:809,0
DA:810,0
DA:811,0
DA:812,0
DA:814,0
DA:815,0
DA:816,0
DA:817,0
DA:818,0
DA:819,0
DA:820,0
DA:822,0
DA:823,0
DA:824,0
DA:825,0
DA:826,0
DA:827,0
DA:829,0
DA:830,0
DA:831,0
DA:832,0
DA:833,0
DA:834,0
DA:836,0
DA:837,0
DA:839,0
DA:840,0
DA:841,0
DA:842,0
DA:843,0
DA:846,2
DA:847,2
DA:848,0
DA:849,0
DA:850,0
DA:852,0
DA:854,0
DA:855,2
DA:857,2
DA:859,0
DA:860,0
DA:861,0
DA:891,0
DA:892,0
DA:893,0
DA:894,0
DA:896,0
DA:897,0
DA:898,0
DA:899,0
DA:901,0
DA:902,0
DA:903,0
DA:904,0
DA:906,0
DA:907,0
DA:908,0
DA:909,0
DA:911,0
DA:912,0
DA:913,0
DA:914,0
DA:916,0
DA:917,0
DA:918,0
DA:919,0
DA:920,0
DA:921,0
DA:923,0
DA:924,0
DA:925,0
DA:926,0
DA:928,0
DA:929,0
DA:930,0
DA:931,0
DA:932,0
DA:933,0
DA:934,0
DA:935,0
DA:964,0
DA:965,0
DA:966,0
DA:990,0
DA:991,0
DA:992,0
DA:993,0
DA:994,0
DA:995,0
DA:996,0
DA:997,0
DA:998,0
DA:999,0
DA:1000,0
DA:1002,0
DA:1003,0
DA:1004,0
DA:1006,0
DA:1007,0
DA:1008,0
DA:1009,0
DA:1011,0
DA:1012,0
DA:1013,0
DA:1014,0
DA:1015,0
DA:1016,0
DA:1023,0
DA:1024,0
DA:1025,0
DA:1026,0
DA:1027,0
DA:1028,0
DA:1029,0
DA:1030,0
DA:1031,0
DA:1032,0
DA:1033,0
DA:1034,0
DA:1036,0
DA:1037,0
DA:1038,0
DA:1040,0
DA:1041,0
DA:1042,0
DA:1044,0
DA:1045,0
DA:1046,0
DA:1048,0
DA:1049,0
DA:1051,1
DA:1052,1
DA:1053,1
DA:1054,3
DA:1055,3
DA:1056,3
DA:1057,0
DA:1058,3
DA:1059,3
DA:1060,0
DA:1062,3
DA:1064,3
DA:1065,1
DA:1066,1
LF:705
LH:162
end_of_record
TN:
SF:/home/runner/work/assimilate/assimilate/crates/agent/src/borg.rs
FN:109,_RNvMNtCs17DbJuMTePR_5agent4borgNtB2_13GracefulChild23wait_with_stderr_stream
FN:112,_RNCNvMNtCs17DbJuMTePR_5agent4borgNtB4_13GracefulChild23wait_with_stderr_stream0B6_
FN:118,_RNCNCNvMNtCs17DbJuMTePR_5agent4borgNtB6_13GracefulChild23wait_with_stderr_stream00B8_
FN:125,_RNCNCNvMNtCs17DbJuMTePR_5agent4borgNtB6_13GracefulChild23wait_with_stderr_stream0s_0B8_
FN:164,_RNvXs_NtCs17DbJuMTePR_5agent4borgNtB4_13GracefulChildNtNtNtCs3BFokC4QLxY_4core3ops4drop4Drop4drop
FN:18,_RNvNtCs17DbJuMTePR_5agent4borg14log_run_result
FN:194,_RNCNvXs_NtCs17DbJuMTePR_5agent4borgNtB6_13GracefulChildNtNtNtCs3BFokC4QLxY_4core3ops4drop4Drop4drop0B8_
FN:210,_RNCNCNvXs_NtCs17DbJuMTePR_5agent4borgNtB8_13GracefulChildNtNtNtCs3BFokC4QLxY_4core3ops4drop4Drop4drop00Ba_
FN:228,_RNvXs0_NtCs17DbJuMTePR_5agent4borgNtB5_4BorgNtNtCs3BFokC4QLxY_4core7default7Default7default
FN:234,_RNvMs1_NtCs17DbJuMTePR_5agent4borgNtB5_4Borg3new
FN:237,_RNCNvMs1_NtCs17DbJuMTePR_5agent4borgNtB7_4Borg3new0B9_
FN:253,_RINvMs1_NtCs17DbJuMTePR_5agent4borgNtB6_4Borg20args_with_positionalNtNtCs8y6E41fb8tc_5alloc6string6StringB13_EB8_
FN:253,_RINvMs1_NtCs17DbJuMTePR_5agent4borgNtB6_4Borg20args_with_positionalReNtNtCs8y6E41fb8tc_5alloc6string6StringEB8_
FN:259,_RNCINvMs1_NtCs17DbJuMTePR_5agent4borgNtB8_4Borg20args_with_positionalNtNtCs8y6E41fb8tc_5alloc6string6StringB15_E0Ba_
FN:259,_RNCINvMs1_NtCs17DbJuMTePR_5agent4borgNtB8_4Borg20args_with_positionalReNtNtCs8y6E41fb8tc_5alloc6string6StringE0Ba_
FN:266,_RNCINvMs1_NtCs17DbJuMTePR_5agent4borgNtB8_4Borg20args_with_positionalNtNtCs8y6E41fb8tc_5alloc6string6StringB15_Es_0Ba_
FN:266,_RNCINvMs1_NtCs17DbJuMTePR_5agent4borgNtB8_4Borg20args_with_positionalReNtNtCs8y6E41fb8tc_5alloc6string6StringEs_0Ba_
FN:275,_RINvMs1_NtCs17DbJuMTePR_5agent4borgNtB6_4Borg3runNtNtCs8y6E41fb8tc_5alloc6string6StringEB8_
FN:275,_RINvMs1_NtCs17DbJuMTePR_5agent4borgNtB6_4Borg3runReEB8_
FN:279,_RNCINvMs1_NtCs17DbJuMTePR_5agent4borgNtB8_4Borg3runNtNtCs8y6E41fb8tc_5alloc6string6StringE0Ba_
FN:279,_RNCINvMs1_NtCs17DbJuMTePR_5agent4borgNtB8_4Borg3runReE0Ba_
FN:288,_RINvMs1_NtCs17DbJuMTePR_5agent4borgNtB6_4Borg20run_with_log_channelNtNtCs8y6E41fb8tc_5alloc6string6StringEB8_
FN:293,_RNCINvMs1_NtCs17DbJuMTePR_5agent4borgNtB8_4Borg20run_with_log_channelNtNtCs8y6E41fb8tc_5alloc6string6StringE0Ba_
FN:295,_RNCNCINvMs1_NtCs17DbJuMTePR_5agent4borgNtBa_4Borg20run_with_log_channelNtNtCs8y6E41fb8tc_5alloc6string6StringE00Bc_
FN:296,_RNCNCINvMs1_NtCs17DbJuMTePR_5agent4borgNtBa_4Borg20run_with_log_channelNtNtCs8y6E41fb8tc_5alloc6string6StringE0s_0Bc_
FN:302,_RNCNCINvMs1_NtCs17DbJuMTePR_5agent4borgNtBa_4Borg20run_with_log_channelNtNtCs8y6E41fb8tc_5alloc6string6StringE0s0_0Bc_
FN:303,_RNCNCINvMs1_NtCs17DbJuMTePR_5agent4borgNtBa_4Borg20run_with_log_channelNtNtCs8y6E41fb8tc_5alloc6string6StringE0s1_0Bc_
FN:311,_RNCNCINvMs1_NtCs17DbJuMTePR_5agent4borgNtBa_4Borg20run_with_log_channelNtNtCs8y6E41fb8tc_5alloc6string6StringE0s2_0Bc_
FN:312,_RNCNCINvMs1_NtCs17DbJuMTePR_5agent4borgNtBa_4Borg20run_with_log_channelNtNtCs8y6E41fb8tc_5alloc6string6StringE0s3_0Bc_
FN:322,_RINvMs1_NtCs17DbJuMTePR_5agent4borgNtB6_4Borg10run_in_dirNtNtCs8y6E41fb8tc_5alloc6string6StringEB8_
FN:322,_RINvMs1_NtCs17DbJuMTePR_5agent4borgNtB6_4Borg10run_in_dirReEB8_
FN:327,_RNCINvMs1_NtCs17DbJuMTePR_5agent4borgNtB8_4Borg10run_in_dirNtNtCs8y6E41fb8tc_5alloc6string6StringE0Ba_
FN:327,_RNCINvMs1_NtCs17DbJuMTePR_5agent4borgNtB8_4Borg10run_in_dirReE0Ba_
FN:331,_RINvMs1_NtCs17DbJuMTePR_5agent4borgNtB6_4Borg8run_implNtNtCs8y6E41fb8tc_5alloc6string6StringEB8_
FN:331,_RINvMs1_NtCs17DbJuMTePR_5agent4borgNtB6_4Borg8run_implReEB8_
FN:336,_RNCINvMs1_NtCs17DbJuMTePR_5agent4borgNtB8_4Borg8run_implNtNtCs8y6E41fb8tc_5alloc6string6StringE0Ba_
FN:336,_RNCINvMs1_NtCs17DbJuMTePR_5agent4borgNtB8_4Borg8run_implReE0Ba_
FN:338,_RNCNCINvMs1_NtCs17DbJuMTePR_5agent4borgNtBa_4Borg8run_implNtNtCs8y6E41fb8tc_5alloc6string6StringE00Bc_
FN:338,_RNCNCINvMs1_NtCs17DbJuMTePR_5agent4borgNtBa_4Borg8run_implReE00Bc_
FN:339,_RNCNCINvMs1_NtCs17DbJuMTePR_5agent4borgNtBa_4Borg8run_implNtNtCs8y6E41fb8tc_5alloc6string6StringE0s_0Bc_
FN:339,_RNCNCINvMs1_NtCs17DbJuMTePR_5agent4borgNtBa_4Borg8run_implReE0s_0Bc_
FN:345,_RNCNCINvMs1_NtCs17DbJuMTePR_5agent4borgNtBa_4Borg8run_implNtNtCs8y6E41fb8tc_5alloc6string6StringE0s0_0Bc_
FN:345,_RNCNCINvMs1_NtCs17DbJuMTePR_5agent4borgNtBa_4Borg8run_implReE0s0_0Bc_
FN:346,_RNCNCINvMs1_NtCs17DbJuMTePR_5agent4borgNtBa_4Borg8run_implNtNtCs8y6E41fb8tc_5alloc6string6StringE0s1_0Bc_
FN:346,_RNCNCINvMs1_NtCs17DbJuMTePR_5agent4borgNtBa_4Borg8run_implReE0s1_0Bc_
FN:359,_RNCNCINvMs1_NtCs17DbJuMTePR_5agent4borgNtBa_4Borg8run_implNtNtCs8y6E41fb8tc_5alloc6string6StringE0s2_0Bc_
FN:359,_RNCNCINvMs1_NtCs17DbJuMTePR_5agent4borgNtBa_4Borg8run_implReE0s2_0Bc_
FN:360,_RNCNCINvMs1_NtCs17DbJuMTePR_5agent4borgNtBa_4Borg8run_implNtNtCs8y6E41fb8tc_5alloc6string6StringE0s3_0Bc_
FN:360,_RNCNCINvMs1_NtCs17DbJuMTePR_5agent4borgNtBa_4Borg8run_implReE0s3_0Bc_
FN:43,_RNvNtCs17DbJuMTePR_5agent4borg21kill_escalation_delay
FN:46,_RNCNvNtCs17DbJuMTePR_5agent4borg21kill_escalation_delay0B5_
FN:64,_RNvMNtCs17DbJuMTePR_5agent4borgNtB2_13GracefulChild3new
FN:78,_RNCNvMNtCs17DbJuMTePR_5agent4borgNtB4_13GracefulChild16wait_with_output0B6_
FN:78,_RNvMNtCs17DbJuMTePR_5agent4borgNtB2_13GracefulChild16wait_with_output
FN:85,_RNCNCNvMNtCs17DbJuMTePR_5agent4borgNtB6_13GracefulChild16wait_with_output00B8_
FN:92,_RNCNCNvMNtCs17DbJuMTePR_5agent4borgNtB6_13GracefulChild16wait_with_output0s_0B8_
FNDA:2,_RNvMNtCs17DbJuMTePR_5agent4borgNtB2_13GracefulChild23wait_with_stderr_stream
FNDA:2,_RNCNvMNtCs17DbJuMTePR_5agent4borgNtB4_13GracefulChild23wait_with_stderr_stream0B6_
FNDA:2,_RNCNCNvMNtCs17DbJuMTePR_5agent4borgNtB6_13GracefulChild23wait_with_stderr_stream00B8_
FNDA:2,_RNCNCNvMNtCs17DbJuMTePR_5agent4borgNtB6_13GracefulChild23wait_with_stderr_stream0s_0B8_
FNDA:2,_RNvXs_NtCs17DbJuMTePR_5agent4borgNtB4_13GracefulChildNtNtNtCs3BFokC4QLxY_4core3ops4drop4Drop4drop
FNDA:1,_RNvNtCs17DbJuMTePR_5agent4borg14log_run_result
FNDA:1,_RNCNvXs_NtCs17DbJuMTePR_5agent4borgNtB6_13GracefulChildNtNtNtCs3BFokC4QLxY_4core3ops4drop4Drop4drop0B8_
FNDA:0,_RNCNCNvXs_NtCs17DbJuMTePR_5agent4borgNtB8_13GracefulChildNtNtNtCs3BFokC4QLxY_4core3ops4drop4Drop4drop00Ba_
FNDA:0,_RNvXs0_NtCs17DbJuMTePR_5agent4borgNtB5_4BorgNtNtCs3BFokC4QLxY_4core7default7Default7default
FNDA:3,_RNvMs1_NtCs17DbJuMTePR_5agent4borgNtB5_4Borg3new
FNDA:3,_RNCNvMs1_NtCs17DbJuMTePR_5agent4borgNtB7_4Borg3new0B9_
FNDA:4,_RINvMs1_NtCs17DbJuMTePR_5agent4borgNtB6_4Borg20args_with_positionalNtNtCs8y6E41fb8tc_5alloc6string6StringB13_EB8_
FNDA:0,_RINvMs1_NtCs17DbJuMTePR_5agent4borgNtB6_4Borg20args_with_positionalReNtNtCs8y6E41fb8tc_5alloc6string6StringEB8_
FNDA:64,_RNCINvMs1_NtCs17DbJuMTePR_5agent4borgNtB8_4Borg20args_with_positionalNtNtCs8y6E41fb8tc_5alloc6string6StringB15_E0Ba_
FNDA:0,_RNCINvMs1_NtCs17DbJuMTePR_5agent4borgNtB8_4Borg20args_with_positionalReNtNtCs8y6E41fb8tc_5alloc6string6StringE0Ba_
FNDA:8,_RNCINvMs1_NtCs17DbJuMTePR_5agent4borgNtB8_4Borg20args_with_positionalNtNtCs8y6E41fb8tc_5alloc6string6StringB15_Es_0Ba_
FNDA:0,_RNCINvMs1_NtCs17DbJuMTePR_5agent4borgNtB8_4Borg20args_with_positionalReNtNtCs8y6E41fb8tc_5alloc6string6StringEs_0Ba_
FNDA:0,_RINvMs1_NtCs17DbJuMTePR_5agent4borgNtB6_4Borg3runNtNtCs8y6E41fb8tc_5alloc6string6StringEB8_
FNDA:0,_RINvMs1_NtCs17DbJuMTePR_5agent4borgNtB6_4Borg3runReEB8_
FNDA:0,_RNCINvMs1_NtCs17DbJuMTePR_5agent4borgNtB8_4Borg3runNtNtCs8y6E41fb8tc_5alloc6string6StringE0Ba_
FNDA:0,_RNCINvMs1_NtCs17DbJuMTePR_5agent4borgNtB8_4Borg3runReE0Ba_
FNDA:2,_RINvMs1_NtCs17DbJuMTePR_5agent4borgNtB6_4Borg20run_with_log_channelNtNtCs8y6E41fb8tc_5alloc6string6StringEB8_
FNDA:2,_RNCINvMs1_NtCs17DbJuMTePR_5agent4borgNtB8_4Borg20run_with_log_channelNtNtCs8y6E41fb8tc_5alloc6string6StringE0Ba_
FNDA:0,_RNCNCINvMs1_NtCs17DbJuMTePR_5agent4borgNtBa_4Borg20run_with_log_channelNtNtCs8y6E41fb8tc_5alloc6string6StringE00Bc_
FNDA:2,_RNCNCINvMs1_NtCs17DbJuMTePR_5agent4borgNtBa_4Borg20run_with_log_channelNtNtCs8y6E41fb8tc_5alloc6string6StringE0s_0Bc_
FNDA:14,_RNCNCINvMs1_NtCs17DbJuMTePR_5agent4borgNtBa_4Borg20run_with_log_channelNtNtCs8y6E41fb8tc_5alloc6string6StringE0s0_0Bc_
FNDA:0,_RNCNCINvMs1_NtCs17DbJuMTePR_5agent4borgNtBa_4Borg20run_with_log_channelNtNtCs8y6E41fb8tc_5alloc6string6StringE0s1_0Bc_
FNDA:2,_RNCNCINvMs1_NtCs17DbJuMTePR_5agent4borgNtBa_4Borg20run_with_log_channelNtNtCs8y6E41fb8tc_5alloc6string6StringE0s2_0Bc_
FNDA:2,_RNCNCINvMs1_NtCs17DbJuMTePR_5agent4borgNtBa_4Borg20run_with_log_channelNtNtCs8y6E41fb8tc_5alloc6string6StringE0s3_0Bc_
FNDA:0,_RINvMs1_NtCs17DbJuMTePR_5agent4borgNtB6_4Borg10run_in_dirNtNtCs8y6E41fb8tc_5alloc6string6StringEB8_
FNDA:0,_RINvMs1_NtCs17DbJuMTePR_5agent4borgNtB6_4Borg10run_in_dirReEB8_
FNDA:0,_RNCINvMs1_NtCs17DbJuMTePR_5agent4borgNtB8_4Borg10run_in_dirNtNtCs8y6E41fb8tc_5alloc6string6StringE0Ba_
FNDA:0,_RNCINvMs1_NtCs17DbJuMTePR_5agent4borgNtB8_4Borg10run_in_dirReE0Ba_
FNDA:0,_RINvMs1_NtCs17DbJuMTePR_5agent4borgNtB6_4Borg8run_implNtNtCs8y6E41fb8tc_5alloc6string6StringEB8_
FNDA:0,_RINvMs1_NtCs17DbJuMTePR_5agent4borgNtB6_4Borg8run_implReEB8_
FNDA:0,_RNCINvMs1_NtCs17DbJuMTePR_5agent4borgNtB8_4Borg8run_implNtNtCs8y6E41fb8tc_5alloc6string6StringE0Ba_
FNDA:0,_RNCINvMs1_NtCs17DbJuMTePR_5agent4borgNtB8_4Borg8run_implReE0Ba_
FNDA:0,_RNCNCINvMs1_NtCs17DbJuMTePR_5agent4borgNtBa_4Borg8run_implNtNtCs8y6E41fb8tc_5alloc6string6StringE00Bc_
FNDA:0,_RNCNCINvMs1_NtCs17DbJuMTePR_5agent4borgNtBa_4Borg8run_implReE00Bc_
FNDA:0,_RNCNCINvMs1_NtCs17DbJuMTePR_5agent4borgNtBa_4Borg8run_implNtNtCs8y6E41fb8tc_5alloc6string6StringE0s_0Bc_
FNDA:0,_RNCNCINvMs1_NtCs17DbJuMTePR_5agent4borgNtBa_4Borg8run_implReE0s_0Bc_
FNDA:0,_RNCNCINvMs1_NtCs17DbJuMTePR_5agent4borgNtBa_4Borg8run_implNtNtCs8y6E41fb8tc_5alloc6string6StringE0s0_0Bc_
FNDA:0,_RNCNCINvMs1_NtCs17DbJuMTePR_5agent4borgNtBa_4Borg8run_implReE0s0_0Bc_
FNDA:0,_RNCNCINvMs1_NtCs17DbJuMTePR_5agent4borgNtBa_4Borg8run_implNtNtCs8y6E41fb8tc_5alloc6string6StringE0s1_0Bc_
FNDA:0,_RNCNCINvMs1_NtCs17DbJuMTePR_5agent4borgNtBa_4Borg8run_implReE0s1_0Bc_
FNDA:0,_RNCNCINvMs1_NtCs17DbJuMTePR_5agent4borgNtBa_4Borg8run_implNtNtCs8y6E41fb8tc_5alloc6string6StringE0s2_0Bc_
FNDA:0,_RNCNCINvMs1_NtCs17DbJuMTePR_5agent4borgNtBa_4Borg8run_implReE0s2_0Bc_
FNDA:0,_RNCNCINvMs1_NtCs17DbJuMTePR_5agent4borgNtBa_4Borg8run_implNtNtCs8y6E41fb8tc_5alloc6string6StringE0s3_0Bc_
FNDA:0,_RNCNCINvMs1_NtCs17DbJuMTePR_5agent4borgNtBa_4Borg8run_implReE0s3_0Bc_
FNDA:1,_RNvNtCs17DbJuMTePR_5agent4borg21kill_escalation_delay
FNDA:1,_RNCNvNtCs17DbJuMTePR_5agent4borg21kill_escalation_delay0B5_
FNDA:2,_RNvMNtCs17DbJuMTePR_5agent4borgNtB2_13GracefulChild3new
FNDA:0,_RNCNvMNtCs17DbJuMTePR_5agent4borgNtB4_13GracefulChild16wait_with_output0B6_
FNDA:0,_RNvMNtCs17DbJuMTePR_5agent4borgNtB2_13GracefulChild16wait_with_output
FNDA:0,_RNCNCNvMNtCs17DbJuMTePR_5agent4borgNtB6_13GracefulChild16wait_with_output00B8_
FNDA:0,_RNCNCNvMNtCs17DbJuMTePR_5agent4borgNtB6_13GracefulChild16wait_with_output0s_0B8_
FNF:56
FNH:21
DA:18,1
DA:19,1
DA:20,1
DA:21,1
DA:22,1
DA:23,1
DA:24,1
DA:25,1
DA:26,1
DA:27,1
DA:28,1
DA:30,0
DA:33,0
DA:35,1
DA:43,1
DA:44,1
DA:45,1
DA:46,1
DA:47,1
DA:48,1
DA:49,1
DA:64,2
DA:65,2
DA:66,2
DA:67,2
DA:68,2
DA:69,2
DA:70,2
DA:71,2
DA:72,2
DA:73,2
DA:74,2
DA:75,2
DA:76,2
DA:78,0
DA:79,0
DA:80,0
DA:83,0
DA:84,0
DA:85,0
DA:86,0
DA:87,0
DA:88,0
DA:89,0
DA:90,0
DA:91,0
DA:92,0
DA:93,0
DA:94,0
DA:95,0
DA:96,0
DA:97,0
DA:98,0
DA:99,0
DA:103,0
DA:104,0
DA:105,0
DA:107,0
DA:109,2
DA:110,2
DA:111,2
DA:112,2
DA:113,2
DA:114,2
DA:116,1
DA:117,2
DA:118,2
DA:119,2
DA:120,2
DA:121,2
DA:122,0
DA:123,1
DA:124,1
DA:125,2
DA:126,2
DA:127,2
DA:128,2
DA:129,2
DA:131,5
DA:132,5
DA:133,1
DA:135,3
DA:136,3
DA:137,3
DA:138,3
DA:139,3
DA:140,3
DA:141,3
DA:142,3
DA:143,3
DA:144,3
DA:146,0
DA:149,0
DA:150,1
DA:151,1
DA:152,2
DA:156,1
DA:157,1
DA:158,1
DA:160,1
DA:164,2
DA:167,2
DA:171,1
DA:172,0
DA:173,1
DA:174,0
DA:175,0
DA:180,1
DA:181,1
DA:182,1
DA:184,1
DA:185,1
DA:186,1
DA:191,1
DA:192,1
DA:193,1
DA:194,1
DA:195,1
DA:200,1
DA:201,1
DA:202,0
DA:204,0
DA:206,0
DA:207,0
DA:208,0
DA:209,0
DA:210,0
DA:211,0
DA:213,0
DA:214,0
DA:215,1
DA:216,0
DA:217,2
DA:228,0
DA:229,0
DA:230,0
DA:234,3
DA:236,3
DA:237,3
DA:238,3
DA:240,3
DA:253,4
DA:254,4
DA:255,4
DA:256,4
DA:257,4
DA:258,4
DA:259,64
DA:260,4
DA:261,4
DA:262,4
DA:263,4
DA:264,4
DA:265,4
DA:266,8
DA:268,0
DA:269,4
DA:270,4
DA:275,0
DA:276,0
DA:277,0
DA:278,0
DA:279,0
DA:280,0
DA:281,0
DA:288,2
DA:289,2
DA:290,2
DA:291,2
DA:292,2
DA:293,2
DA:294,2
DA:295,0
DA:296,2
DA:298,2
DA:299,2
DA:300,2
DA:301,2
DA:302,14
DA:303,2
DA:304,2
DA:305,2
DA:306,2
DA:307,2
DA:309,2
DA:310,2
DA:311,2
DA:312,2
DA:313,2
DA:315,2
DA:316,2
DA:317,1
DA:318,1
DA:319,1
DA:322,0
DA:323,0
DA:324,0
DA:325,0
DA:326,0
DA:327,0
DA:328,0
DA:329,0
DA:331,0
DA:332,0
DA:333,0
DA:334,0
DA:335,0
DA:336,0
DA:337,0
DA:338,0
DA:339,0
DA:341,0
DA:342,0
DA:343,0
DA:344,0
DA:345,0
DA:346,0
DA:347,0
DA:348,0
DA:349,0
DA:350,0
DA:351,0
DA:354,0
DA:355,0
DA:357,0
DA:358,0
DA:359,0
DA:360,0
DA:361,0
DA:363,0
DA:364,0
DA:365,0
DA:366,0
DA:367,0
LF:234
LH:139
end_of_record
TN:
SF:/home/runner/work/assimilate/assimilate/crates/agent/src/executor.rs
FN:101,_RNvMNtCs17DbJuMTePR_5agent8executorNtB2_8Executor3run
FN:1035,_RNvNtCs17DbJuMTePR_5agent8executor17setup_ssh_forward
FN:1040,_RNCNvNtCs17DbJuMTePR_5agent8executor17setup_ssh_forward0B5_
FN:105,_RNCNvMNtCs17DbJuMTePR_5agent8executorNtB4_8Executor3run0B6_
FN:1078,_RNvNtCs17DbJuMTePR_5agent8executor17write_known_hosts
FN:1097,_RNvNtCs17DbJuMTePR_5agent8executor23backup_target_from_repo
FN:1103,_RNCNCNvNtCs17DbJuMTePR_5agent8executor23backup_target_from_repo00B7_
FN:1103,_RNCNvNtCs17DbJuMTePR_5agent8executor23backup_target_from_repo0B5_
FN:1104,_RNCNvNtCs17DbJuMTePR_5agent8executor23backup_target_from_repos_0B5_
FN:1117,_RNCNvNtCs17DbJuMTePR_5agent8executor23backup_target_from_repos1_0B5_
FN:1125,_RNCNvNtCs17DbJuMTePR_5agent8executor23backup_target_from_repos9_0B5_
FN:1126,_RNCNvNtCs17DbJuMTePR_5agent8executor23backup_target_from_reposa_0B5_
FN:1128,_RNCNvNtCs17DbJuMTePR_5agent8executor23backup_target_from_reposb_0B5_
FN:1129,_RNCNvNtCs17DbJuMTePR_5agent8executor23backup_target_from_reposc_0B5_
FN:1136,_RNvNtCs17DbJuMTePR_5agent8executor14run_check_task
FN:1144,_RNCNvNtCs17DbJuMTePR_5agent8executor14run_check_task0B5_
FN:1172,_RNvNtCs17DbJuMTePR_5agent8executor15run_verify_task
FN:1180,_RNCNvNtCs17DbJuMTePR_5agent8executor15run_verify_task0B5_
FN:1213,_RNvNtCs17DbJuMTePR_5agent8executor16run_dry_run_task
FN:1224,_RNCNvNtCs17DbJuMTePR_5agent8executor16run_dry_run_task0B5_
FN:1320,_RNvNtCs17DbJuMTePR_5agent8executor16run_restore_task
FN:1332,_RNCNvNtCs17DbJuMTePR_5agent8executor16run_restore_task0B5_
FN:1420,_RNvNtCs17DbJuMTePR_5agent8executor12restore_args
FN:1425,_RNvNtCs17DbJuMTePR_5agent8executor24run_delete_archives_task
FN:1432,_RNCNvNtCs17DbJuMTePR_5agent8executor24run_delete_archives_task0B5_
FN:1515,_RNvNtCs17DbJuMTePR_5agent8executor20parse_dry_run_output
FN:1551,_RNvNtCs17DbJuMTePR_5agent8executor19write_temp_excludes
FN:1561,_RNvNtCs17DbJuMTePR_5agent8executor14build_borg_env
FN:189,_RNvMNtCs17DbJuMTePR_5agent8executorNtB2_8Executor14handle_run_now
FN:195,_RNCNvMNtCs17DbJuMTePR_5agent8executorNtB4_8Executor14handle_run_now0B6_
FN:209,_RNCNCNvMNtCs17DbJuMTePR_5agent8executorNtB6_8Executor14handle_run_now00B8_
FN:237,_RNCNCNvMNtCs17DbJuMTePR_5agent8executorNtB6_8Executor14handle_run_now0s_0B8_
FN:271,_RNvMNtCs17DbJuMTePR_5agent8executorNtB2_8Executor20handle_cancel_backup
FN:275,_RNCNvMNtCs17DbJuMTePR_5agent8executorNtB4_8Executor20handle_cancel_backup0B6_
FN:294,_RNCNvMNtCs17DbJuMTePR_5agent8executorNtB4_8Executor16handle_run_check0B6_
FN:294,_RNvMNtCs17DbJuMTePR_5agent8executorNtB2_8Executor16handle_run_check
FN:301,_RNCNCNvMNtCs17DbJuMTePR_5agent8executorNtB6_8Executor16handle_run_check00B8_
FN:319,_RNCNCNvMNtCs17DbJuMTePR_5agent8executorNtB6_8Executor16handle_run_check0s_0B8_
FN:342,_RNCNvMNtCs17DbJuMTePR_5agent8executorNtB4_8Executor17handle_run_verify0B6_
FN:342,_RNvMNtCs17DbJuMTePR_5agent8executorNtB2_8Executor17handle_run_verify
FN:349,_RNCNCNvMNtCs17DbJuMTePR_5agent8executorNtB6_8Executor17handle_run_verify00B8_
FN:367,_RNCNCNvMNtCs17DbJuMTePR_5agent8executorNtB6_8Executor17handle_run_verify0s_0B8_
FN:394,_RNvMNtCs17DbJuMTePR_5agent8executorNtB2_8Executor16handle_init_repo
FN:403,_RNCNvMNtCs17DbJuMTePR_5agent8executorNtB4_8Executor16handle_init_repo0B6_
FN:408,_RNCNCNvMNtCs17DbJuMTePR_5agent8executorNtB6_8Executor16handle_init_repo00B8_
FN:408,_RNCNCNvMNtCs17DbJuMTePR_5agent8executorNtB6_8Executor16handle_init_repo0s_0B8_
FN:420,_RNCNCNvMNtCs17DbJuMTePR_5agent8executorNtB6_8Executor16handle_init_repo0s0_0B8_
FN:447,_RNvMNtCs17DbJuMTePR_5agent8executorNtB2_8Executor14handle_dry_run
FN:453,_RNCNvMNtCs17DbJuMTePR_5agent8executorNtB4_8Executor14handle_dry_run0B6_
FN:467,_RNCNCNvMNtCs17DbJuMTePR_5agent8executorNtB6_8Executor14handle_dry_run00B8_
FN:482,_RNCNCNvMNtCs17DbJuMTePR_5agent8executorNtB6_8Executor14handle_dry_run0s_0B8_
FN:483,_RNCNCNvMNtCs17DbJuMTePR_5agent8executorNtB6_8Executor14handle_dry_run0s0_0B8_
FN:512,_RNCNCNvMNtCs17DbJuMTePR_5agent8executorNtB6_8Executor14handle_dry_run0s1_0B8_
FN:542,_RNvMNtCs17DbJuMTePR_5agent8executorNtB2_8Executor20handle_restore_files
FN:550,_RNCNvMNtCs17DbJuMTePR_5agent8executorNtB4_8Executor20handle_restore_files0B6_
FN:564,_RNCNCNvMNtCs17DbJuMTePR_5agent8executorNtB6_8Executor20handle_restore_files00B8_
FN:589,_RNCNCNvMNtCs17DbJuMTePR_5agent8executorNtB6_8Executor20handle_restore_files0s_0B8_
FN:616,_RNvMNtCs17DbJuMTePR_5agent8executorNtB2_8Executor22handle_delete_archives
FN:622,_RNCNvMNtCs17DbJuMTePR_5agent8executorNtB4_8Executor22handle_delete_archives0B6_
FN:636,_RNCNCNvMNtCs17DbJuMTePR_5agent8executorNtB6_8Executor22handle_delete_archives00B8_
FN:661,_RNCNCNvMNtCs17DbJuMTePR_5agent8executorNtB6_8Executor22handle_delete_archives0s_0B8_
FN:683,_RNCNvMNtCs17DbJuMTePR_5agent8executorNtB4_8Executor20repo_operation_queue0B6_
FN:683,_RNvMNtCs17DbJuMTePR_5agent8executorNtB2_8Executor20repo_operation_queue
FN:688,_RNCNCNvMNtCs17DbJuMTePR_5agent8executorNtB6_8Executor20repo_operation_queue00B8_
FN:692,_RNvMNtCs17DbJuMTePR_5agent8executorNtB2_8Executor12next_task_id
FN:696,_RNvMNtCs17DbJuMTePR_5agent8executorNtB2_8Executor16push_backup_task
FN:700,_RNCNvMNtCs17DbJuMTePR_5agent8executorNtB4_8Executor16push_backup_task0B6_
FN:705,_RNvMNtCs17DbJuMTePR_5agent8executorNtB2_8Executor17take_backup_tasks
FN:708,_RNCNvMNtCs17DbJuMTePR_5agent8executorNtB4_8Executor17take_backup_tasks0B6_
FN:712,_RNvMNtCs17DbJuMTePR_5agent8executorNtB2_8Executor18remove_backup_task
FN:716,_RNCNvMNtCs17DbJuMTePR_5agent8executorNtB4_8Executor18remove_backup_task0B6_
FN:722,_RNCNCNvMNtCs17DbJuMTePR_5agent8executorNtB6_8Executor18remove_backup_task00B8_
FN:738,_RNvMs_NtCs17DbJuMTePR_5agent8executorNtB4_16RepoOperationKey18from_backup_target
FN:747,_RNvMs_NtCs17DbJuMTePR_5agent8executorNtB4_16RepoOperationKey8repo_url
FN:762,_RNvNtCs17DbJuMTePR_5agent8executor18run_init_repo_task
FN:769,_RNCNvNtCs17DbJuMTePR_5agent8executor18run_init_repo_task0B5_
FN:799,_RNCNCNvNtCs17DbJuMTePR_5agent8executor18run_init_repo_task00B7_
FN:800,_RNCNCNvNtCs17DbJuMTePR_5agent8executor18run_init_repo_task0s_0B7_
FN:814,_RNvNtCs17DbJuMTePR_5agent8executor19borg_rsh_for_target
FN:816,_RNCNvNtCs17DbJuMTePR_5agent8executor19borg_rsh_for_target0B5_
FN:823,_RNCNvNtCs17DbJuMTePR_5agent8executor19borg_rsh_for_targets_0B5_
FN:827,_RNvNtCs17DbJuMTePR_5agent8executor18make_failed_report
FN:866,_RNvNtCs17DbJuMTePR_5agent8executor19spawn_log_forwarder
FN:872,_RNCNvNtCs17DbJuMTePR_5agent8executor19spawn_log_forwarder0B5_
FN:887,_RNvNtCs17DbJuMTePR_5agent8executor15run_backup_task
FN:89,_RNvMNtCs17DbJuMTePR_5agent8executorNtB2_8Executor3new
FN:893,_RNCNvNtCs17DbJuMTePR_5agent8executor15run_backup_task0B5_
FN:953,_RNCNCNvNtCs17DbJuMTePR_5agent8executor15run_backup_task00B7_
FN:979,_RNvNtCs17DbJuMTePR_5agent8executor18send_canary_result
FN:984,_RNCNvNtCs17DbJuMTePR_5agent8executor18send_canary_result0B5_
FN:998,_RNvNtCs17DbJuMTePR_5agent8executor19build_backup_report
FNDA:3,_RNvMNtCs17DbJuMTePR_5agent8executorNtB2_8Executor3run
FNDA:2,_RNvNtCs17DbJuMTePR_5agent8executor17setup_ssh_forward
FNDA:2,_RNCNvNtCs17DbJuMTePR_5agent8executor17setup_ssh_forward0B5_
FNDA:3,_RNCNvMNtCs17DbJuMTePR_5agent8executorNtB4_8Executor3run0B6_
FNDA:2,_RNvNtCs17DbJuMTePR_5agent8executor17write_known_hosts
FNDA:2,_RNvNtCs17DbJuMTePR_5agent8executor23backup_target_from_repo
FNDA:2,_RNCNCNvNtCs17DbJuMTePR_5agent8executor23backup_target_from_repo00B7_
FNDA:2,_RNCNvNtCs17DbJuMTePR_5agent8executor23backup_target_from_repo0B5_
FNDA:0,_RNCNvNtCs17DbJuMTePR_5agent8executor23backup_target_from_repos_0B5_
FNDA:2,_RNCNvNtCs17DbJuMTePR_5agent8executor23backup_target_from_repos1_0B5_
FNDA:2,_RNCNvNtCs17DbJuMTePR_5agent8executor23backup_target_from_repos9_0B5_
FNDA:2,_RNCNvNtCs17DbJuMTePR_5agent8executor23backup_target_from_reposa_0B5_
FNDA:2,_RNCNvNtCs17DbJuMTePR_5agent8executor23backup_target_from_reposb_0B5_
FNDA:2,_RNCNvNtCs17DbJuMTePR_5agent8executor23backup_target_from_reposc_0B5_
FNDA:0,_RNvNtCs17DbJuMTePR_5agent8executor14run_check_task
FNDA:0,_RNCNvNtCs17DbJuMTePR_5agent8executor14run_check_task0B5_
FNDA:0,_RNvNtCs17DbJuMTePR_5agent8executor15run_verify_task
FNDA:0,_RNCNvNtCs17DbJuMTePR_5agent8executor15run_verify_task0B5_
FNDA:0,_RNvNtCs17DbJuMTePR_5agent8executor16run_dry_run_task
FNDA:0,_RNCNvNtCs17DbJuMTePR_5agent8executor16run_dry_run_task0B5_
FNDA:0,_RNvNtCs17DbJuMTePR_5agent8executor16run_restore_task
FNDA:0,_RNCNvNtCs17DbJuMTePR_5agent8executor16run_restore_task0B5_
FNDA:0,_RNvNtCs17DbJuMTePR_5agent8executor12restore_args
FNDA:0,_RNvNtCs17DbJuMTePR_5agent8executor24run_delete_archives_task
FNDA:0,_RNCNvNtCs17DbJuMTePR_5agent8executor24run_delete_archives_task0B5_
FNDA:0,_RNvNtCs17DbJuMTePR_5agent8executor20parse_dry_run_output
FNDA:0,_RNvNtCs17DbJuMTePR_5agent8executor19write_temp_excludes
FNDA:0,_RNvNtCs17DbJuMTePR_5agent8executor14build_borg_env
FNDA:2,_RNvMNtCs17DbJuMTePR_5agent8executorNtB2_8Executor14handle_run_now
FNDA:2,_RNCNvMNtCs17DbJuMTePR_5agent8executorNtB4_8Executor14handle_run_now0B6_
FNDA:2,_RNCNCNvMNtCs17DbJuMTePR_5agent8executorNtB6_8Executor14handle_run_now00B8_
FNDA:2,_RNCNCNvMNtCs17DbJuMTePR_5agent8executorNtB6_8Executor14handle_run_now0s_0B8_
FNDA:2,_RNvMNtCs17DbJuMTePR_5agent8executorNtB2_8Executor20handle_cancel_backup
FNDA:2,_RNCNvMNtCs17DbJuMTePR_5agent8executorNtB4_8Executor20handle_cancel_backup0B6_
FNDA:0,_RNCNvMNtCs17DbJuMTePR_5agent8executorNtB4_8Executor16handle_run_check0B6_
FNDA:0,_RNvMNtCs17DbJuMTePR_5agent8executorNtB2_8Executor16handle_run_check
FNDA:0,_RNCNCNvMNtCs17DbJuMTePR_5agent8executorNtB6_8Executor16handle_run_check00B8_
FNDA:0,_RNCNCNvMNtCs17DbJuMTePR_5agent8executorNtB6_8Executor16handle_run_check0s_0B8_
FNDA:0,_RNCNvMNtCs17DbJuMTePR_5agent8executorNtB4_8Executor17handle_run_verify0B6_
FNDA:0,_RNvMNtCs17DbJuMTePR_5agent8executorNtB2_8Executor17handle_run_verify
FNDA:0,_RNCNCNvMNtCs17DbJuMTePR_5agent8executorNtB6_8Executor17handle_run_verify00B8_
FNDA:0,_RNCNCNvMNtCs17DbJuMTePR_5agent8executorNtB6_8Executor17handle_run_verify0s_0B8_
FNDA:0,_RNvMNtCs17DbJuMTePR_5agent8executorNtB2_8Executor16handle_init_repo
FNDA:0,_RNCNvMNtCs17DbJuMTePR_5agent8executorNtB4_8Executor16handle_init_repo0B6_
FNDA:0,_RNCNCNvMNtCs17DbJuMTePR_5agent8executorNtB6_8Executor16handle_init_repo00B8_
FNDA:0,_RNCNCNvMNtCs17DbJuMTePR_5agent8executorNtB6_8Executor16handle_init_repo0s_0B8_
FNDA:0,_RNCNCNvMNtCs17DbJuMTePR_5agent8executorNtB6_8Executor16handle_init_repo0s0_0B8_
FNDA:0,_RNvMNtCs17DbJuMTePR_5agent8executorNtB2_8Executor14handle_dry_run
FNDA:0,_RNCNvMNtCs17DbJuMTePR_5agent8executorNtB4_8Executor14handle_dry_run0B6_
FNDA:0,_RNCNCNvMNtCs17DbJuMTePR_5agent8executorNtB6_8Executor14handle_dry_run00B8_
FNDA:0,_RNCNCNvMNtCs17DbJuMTePR_5agent8executorNtB6_8Executor14handle_dry_run0s_0B8_
FNDA:0,_RNCNCNvMNtCs17DbJuMTePR_5agent8executorNtB6_8Executor14handle_dry_run0s0_0B8_
FNDA:0,_RNCNCNvMNtCs17DbJuMTePR_5agent8executorNtB6_8Executor14handle_dry_run0s1_0B8_
FNDA:0,_RNvMNtCs17DbJuMTePR_5agent8executorNtB2_8Executor20handle_restore_files
FNDA:0,_RNCNvMNtCs17DbJuMTePR_5agent8executorNtB4_8Executor20handle_restore_files0B6_
FNDA:0,_RNCNCNvMNtCs17DbJuMTePR_5agent8executorNtB6_8Executor20handle_restore_files00B8_
FNDA:0,_RNCNCNvMNtCs17DbJuMTePR_5agent8executorNtB6_8Executor20handle_restore_files0s_0B8_
FNDA:0,_RNvMNtCs17DbJuMTePR_5agent8executorNtB2_8Executor22handle_delete_archives
FNDA:0,_RNCNvMNtCs17DbJuMTePR_5agent8executorNtB4_8Executor22handle_delete_archives0B6_
FNDA:0,_RNCNCNvMNtCs17DbJuMTePR_5agent8executorNtB6_8Executor22handle_delete_archives00B8_
FNDA:0,_RNCNCNvMNtCs17DbJuMTePR_5agent8executorNtB6_8Executor22handle_delete_archives0s_0B8_
FNDA:2,_RNCNvMNtCs17DbJuMTePR_5agent8executorNtB4_8Executor20repo_operation_queue0B6_
FNDA:2,_RNvMNtCs17DbJuMTePR_5agent8executorNtB2_8Executor20repo_operation_queue
FNDA:1,_RNCNCNvMNtCs17DbJuMTePR_5agent8executorNtB6_8Executor20repo_operation_queue00B8_
FNDA:2,_RNvMNtCs17DbJuMTePR_5agent8executorNtB2_8Executor12next_task_id
FNDA:2,_RNvMNtCs17DbJuMTePR_5agent8executorNtB2_8Executor16push_backup_task
FNDA:2,_RNCNvMNtCs17DbJuMTePR_5agent8executorNtB4_8Executor16push_backup_task0B6_
FNDA:2,_RNvMNtCs17DbJuMTePR_5agent8executorNtB2_8Executor17take_backup_tasks
FNDA:2,_RNCNvMNtCs17DbJuMTePR_5agent8executorNtB4_8Executor17take_backup_tasks0B6_
FNDA:1,_RNvMNtCs17DbJuMTePR_5agent8executorNtB2_8Executor18remove_backup_task
FNDA:1,_RNCNvMNtCs17DbJuMTePR_5agent8executorNtB4_8Executor18remove_backup_task0B6_
FNDA:1,_RNCNCNvMNtCs17DbJuMTePR_5agent8executorNtB6_8Executor18remove_backup_task00B8_
FNDA:2,_RNvMs_NtCs17DbJuMTePR_5agent8executorNtB4_16RepoOperationKey18from_backup_target
FNDA:2,_RNvMs_NtCs17DbJuMTePR_5agent8executorNtB4_16RepoOperationKey8repo_url
FNDA:0,_RNvNtCs17DbJuMTePR_5agent8executor18run_init_repo_task
FNDA:0,_RNCNvNtCs17DbJuMTePR_5agent8executor18run_init_repo_task0B5_
FNDA:0,_RNCNCNvNtCs17DbJuMTePR_5agent8executor18run_init_repo_task00B7_
FNDA:0,_RNCNCNvNtCs17DbJuMTePR_5agent8executor18run_init_repo_task0s_0B7_
FNDA:0,_RNvNtCs17DbJuMTePR_5agent8executor19borg_rsh_for_target
FNDA:0,_RNCNvNtCs17DbJuMTePR_5agent8executor19borg_rsh_for_target0B5_
FNDA:0,_RNCNvNtCs17DbJuMTePR_5agent8executor19borg_rsh_for_targets_0B5_
FNDA:1,_RNvNtCs17DbJuMTePR_5agent8executor18make_failed_report
FNDA:2,_RNvNtCs17DbJuMTePR_5agent8executor19spawn_log_forwarder
FNDA:2,_RNCNvNtCs17DbJuMTePR_5agent8executor19spawn_log_forwarder0B5_
FNDA:2,_RNvNtCs17DbJuMTePR_5agent8executor15run_backup_task
FNDA:3,_RNvMNtCs17DbJuMTePR_5agent8executorNtB2_8Executor3new
FNDA:2,_RNCNvNtCs17DbJuMTePR_5agent8executor15run_backup_task0B5_
FNDA:1,_RNCNCNvNtCs17DbJuMTePR_5agent8executor15run_backup_task00B7_
FNDA:0,_RNvNtCs17DbJuMTePR_5agent8executor18send_canary_result
FNDA:0,_RNCNvNtCs17DbJuMTePR_5agent8executor18send_canary_result0B5_
FNDA:0,_RNvNtCs17DbJuMTePR_5agent8executor19build_backup_report
FNF:91
FNH:39
DA:89,3
DA:90,3
DA:91,3
DA:92,3
DA:93,3
DA:94,3
DA:95,3
DA:96,3
DA:97,3
DA:98,3
DA:99,3
DA:101,3
DA:102,3
DA:103,3
DA:104,3
DA:105,3
DA:107,25
DA:108,0
DA:111,22
DA:112,18
DA:113,18
DA:114,18
DA:117,2
DA:118,2
DA:119,2
DA:121,2
DA:122,2
DA:124,0
DA:125,0
DA:127,0
DA:128,0
DA:131,0
DA:132,0
DA:133,0
DA:134,0
DA:135,0
DA:136,0
DA:138,0
DA:139,0
DA:140,0
DA:141,0
DA:142,0
DA:143,0
DA:144,0
DA:145,0
DA:146,0
DA:147,0
DA:150,0
DA:151,0
DA:152,0
DA:154,0
DA:155,0
DA:158,0
DA:159,0
DA:160,0
DA:161,0
DA:162,0
DA:164,0
DA:165,0
DA:166,0
DA:167,0
DA:168,0
DA:169,0
DA:170,0
DA:171,0
DA:172,0
DA:175,0
DA:176,0
DA:177,0
DA:179,0
DA:180,0
DA:182,2
DA:183,2
DA:187,0
DA:189,2
DA:190,2
DA:191,2
DA:192,2
DA:193,2
DA:194,2
DA:195,2
DA:196,2
DA:197,2
DA:198,0
DA:199,0
DA:200,0
DA:201,0
DA:202,0
DA:203,0
DA:204,0
DA:205,0
DA:206,0
DA:209,2
DA:210,0
DA:211,0
DA:212,0
DA:213,0
DA:214,0
DA:215,0
DA:216,0
DA:217,0
DA:218,0
DA:221,2
DA:222,2
DA:223,2
DA:224,2
DA:226,2
DA:227,2
DA:228,2
DA:229,2
DA:230,2
DA:231,2
DA:232,2
DA:233,2
DA:235,2
DA:237,2
DA:238,2
DA:239,0
DA:241,0
DA:244,0
DA:247,2
DA:248,2
DA:249,2
DA:250,2
DA:251,2
DA:252,2
DA:253,2
DA:254,2
DA:255,2
DA:256,2
DA:257,2
DA:258,2
DA:259,2
DA:260,1
DA:261,1
DA:263,2
DA:264,2
DA:265,2
DA:266,2
DA:267,2
DA:268,2
DA:269,2
DA:271,2
DA:272,2
DA:273,2
DA:274,2
DA:275,2
DA:276,2
DA:277,2
DA:278,1
DA:279,1
DA:282,1
DA:283,1
DA:284,1
DA:285,1
DA:287,1
DA:288,1
DA:289,1
DA:290,0
DA:291,1
DA:292,2
DA:294,0
DA:295,0
DA:296,0
DA:297,0
DA:298,0
DA:301,0
DA:302,0
DA:303,0
DA:306,0
DA:307,0
DA:308,0
DA:309,0
DA:311,0
DA:312,0
DA:313,0
DA:314,0
DA:315,0
DA:317,0
DA:319,0
DA:320,0
DA:321,0
DA:323,0
DA:326,0
DA:329,0
DA:330,0
DA:331,0
DA:332,0
DA:333,0
DA:334,0
DA:335,0
DA:336,0
DA:337,0
DA:338,0
DA:339,0
DA:340,0
DA:342,0
DA:343,0
DA:344,0
DA:345,0
DA:346,0
DA:349,0
DA:350,0
DA:351,0
DA:354,0
DA:355,0
DA:356,0
DA:357,0
DA:359,0
DA:360,0
DA:361,0
DA:362,0
DA:363,0
DA:365,0
DA:367,0
DA:368,0
DA:369,0
DA:371,0
DA:374,0
DA:377,0
DA:378,0
DA:379,0
DA:380,0
DA:381,0
DA:382,0
DA:383,0
DA:384,0
DA:385,0
DA:386,0
DA:387,0
DA:388,0
DA:394,0
DA:395,0
DA:396,0
DA:397,0
DA:398,0
DA:399,0
DA:400,0
DA:401,0
DA:402,0
DA:403,0
DA:404,0
DA:405,0
DA:406,0
DA:407,0
DA:408,0
DA:411,0
DA:412,0
DA:414,0
DA:415,0
DA:416,0
DA:417,0
DA:418,0
DA:420,0
DA:421,0
DA:422,0
DA:423,0
DA:424,0
DA:425,0
DA:426,0
DA:427,0
DA:428,0
DA:429,0
DA:431,0
DA:432,0
DA:433,0
DA:436,0
DA:437,0
DA:438,0
DA:439,0
DA:440,0
DA:441,0
DA:442,0
DA:443,0
DA:444,0
DA:445,0
DA:447,0
DA:448,0
DA:449,0
DA:450,0
DA:451,0
DA:452,0
DA:453,0
DA:454,0
DA:455,0
DA:456,0
DA:457,0
DA:458,0
DA:459,0
DA:460,0
DA:461,0
DA:462,0
DA:463,0
DA:464,0
DA:467,0
DA:468,0
DA:469,0
DA:470,0
DA:471,0
DA:472,0
DA:473,0
DA:474,0
DA:475,0
DA:476,0
DA:479,0
DA:480,0
DA:481,0
DA:482,0
DA:483,0
DA:485,0
DA:486,0
DA:487,0
DA:488,0
DA:489,0
DA:490,0
DA:491,0
DA:492,0
DA:493,0
DA:494,0
DA:497,0
DA:498,0
DA:499,0
DA:500,0
DA:501,0
DA:502,0
DA:504,0
DA:505,0
DA:506,0
DA:507,0
DA:508,0
DA:510,0
DA:512,0
DA:513,0
DA:514,0
DA:516,0
DA:519,0
DA:522,0
DA:523,0
DA:524,0
DA:525,0
DA:526,0
DA:527,0
DA:528,0
DA:529,0
DA:530,0
DA:531,0
DA:532,0
DA:533,0
DA:534,0
DA:535,0
DA:536,0
DA:542,0
DA:543,0
DA:544,0
DA:545,0
DA:546,0
DA:547,0
DA:548,0
DA:549,0
DA:550,0
DA:551,0
DA:552,0
DA:553,0
DA:554,0
DA:555,0
DA:556,0
DA:557,0
DA:558,0
DA:559,0
DA:560,0
DA:561,0
DA:564,0
DA:565,0
DA:566,0
DA:567,0
DA:568,0
DA:569,0
DA:570,0
DA:571,0
DA:572,0
DA:573,0
DA:576,0
DA:577,0
DA:578,0
DA:579,0
DA:581,0
DA:582,0
DA:583,0
DA:584,0
DA:585,0
DA:587,0
DA:589,0
DA:590,0
DA:591,0
DA:593,0
DA:596,0
DA:599,0
DA:600,0
DA:601,0
DA:602,0
DA:603,0
DA:604,0
DA:605,0
DA:606,0
DA:607,0
DA:608,0
DA:609,0
DA:610,0
DA:611,0
DA:612,0
DA:613,0
DA:614,0
DA:616,0
DA:617,0
DA:618,0
DA:619,0
DA:620,0
DA:621,0
DA:622,0
DA:623,0
DA:624,0
DA:625,0
DA:626,0
DA:627,0
DA:628,0
DA:629,0
DA:630,0
DA:631,0
DA:632,0
DA:633,0
DA:636,0
DA:637,0
DA:638,0
DA:639,0
DA:640,0
DA:641,0
DA:642,0
DA:643,0
DA:644,0
DA:645,0
DA:648,0
DA:649,0
DA:650,0
DA:651,0
DA:653,0
DA:654,0
DA:655,0
DA:656,0
DA:657,0
DA:659,0
DA:661,0
DA:662,0
DA:663,0
DA:665,0
DA:668,0
DA:671,0
DA:672,0
DA:673,0
DA:674,0
DA:675,0
DA:676,0
DA:677,0
DA:678,0
DA:679,0
DA:680,0
DA:681,0
DA:683,2
DA:684,2
DA:685,2
DA:686,2
DA:687,2
DA:688,2
DA:690,2
DA:692,2
DA:693,2
DA:694,2
DA:696,2
DA:697,2
DA:698,2
DA:699,2
DA:700,2
DA:701,2
DA:702,2
DA:703,2
DA:705,2
DA:706,2
DA:707,2
DA:708,2
DA:709,2
DA:710,2
DA:712,1
DA:713,1
DA:714,1
DA:715,1
DA:716,1
DA:717,1
DA:718,1
DA:719,0
DA:722,1
DA:723,1
DA:724,1
DA:725,1
DA:726,1
DA:738,2
DA:739,2
DA:740,2
DA:741,2
DA:742,2
DA:743,2
DA:744,2
DA:745,2
DA:747,2
DA:748,2
DA:749,2
DA:750,2
DA:751,2
DA:752,2
DA:754,2
DA:762,0
DA:763,0
DA:764,0
DA:765,0
DA:766,0
DA:767,0
DA:768,0
DA:769,0
DA:770,0
DA:771,0
DA:772,0
DA:773,0
DA:775,0
DA:776,0
DA:778,0
DA:779,0
DA:780,0
DA:781,0
DA:782,0
DA:783,0
DA:784,0
DA:785,0
DA:786,0
DA:788,0
DA:789,0
DA:790,0
DA:791,0
DA:792,0
DA:793,0
DA:795,0
DA:796,0
DA:797,0
DA:798,0
DA:799,0
DA:800,0
DA:802,0
DA:804,0
DA:805,0
DA:806,0
DA:807,0
DA:808,0
DA:810,0
DA:811,0
DA:812,0
DA:814,0
DA:815,0
DA:816,0
DA:817,0
DA:818,0
DA:820,0
DA:822,0
DA:823,0
DA:825,0
DA:827,1
DA:828,1
DA:829,1
DA:830,1
DA:831,1
DA:832,1
DA:833,1
DA:834,1
DA:835,1
DA:836,1
DA:837,1
DA:838,1
DA:839,1
DA:840,1
DA:841,1
DA:842,1
DA:843,1
DA:844,1
DA:845,1
DA:846,1
DA:847,1
DA:848,1
DA:849,1
DA:850,1
DA:851,1
DA:852,1
DA:853,1
DA:854,1
DA:855,1
DA:856,1
DA:857,1
DA:866,2
DA:867,2
DA:868,2
DA:869,2
DA:870,2
DA:871,2
DA:872,2
DA:873,5
DA:874,3
DA:875,3
DA:876,3
DA:877,3
DA:878,3
DA:879,3
DA:880,0
DA:881,3
DA:883,2
DA:884,2
DA:885,2
DA:887,2
DA:888,2
DA:889,2
DA:890,2
DA:891,2
DA:892,2
DA:893,2
DA:895,2
DA:896,2
DA:897,2
DA:898,2
DA:899,2
DA:900,2
DA:901,2
DA:902,2
DA:903,2
DA:904,2
DA:905,2
DA:906,2
DA:907,2
DA:908,2
DA:909,2
DA:910,2
DA:911,0
DA:912,2
DA:914,2
DA:916,2
DA:917,2
DA:918,0
DA:919,2
DA:920,2
DA:921,2
DA:925,0
DA:928,2
DA:929,2
DA:930,2
DA:931,2
DA:933,0
DA:934,0
DA:935,0
DA:936,0
DA:937,0
DA:938,0
DA:939,0
DA:940,0
DA:941,0
DA:942,0
DA:943,0
DA:944,0
DA:945,0
DA:946,0
DA:948,1
DA:949,1
DA:950,1
DA:951,1
DA:952,1
DA:953,1
DA:954,1
DA:955,1
DA:956,1
DA:957,1
DA:958,1
DA:959,1
DA:960,1
DA:961,1
DA:962,1
DA:963,1
DA:964,1
DA:968,1
DA:969,1
DA:970,0
DA:971,1
DA:973,1
DA:974,0
DA:975,0
DA:976,1
DA:977,1
DA:979,0
DA:980,0
DA:981,0
DA:982,0
DA:983,0
DA:984,0
DA:985,0
DA:986,0
DA:987,0
DA:988,0
DA:989,0
DA:990,0
DA:991,0
DA:992,0
DA:993,0
DA:994,0
DA:995,0
DA:996,0
DA:998,0
DA:999,0
DA:1000,0
DA:1001,0
DA:1002,0
DA:1003,0
DA:1004,0
DA:1005,0
DA:1006,0
DA:1007,0
DA:1008,0
DA:1009,0
DA:1010,0
DA:1011,0
DA:1012,0
DA:1013,0
DA:1014,0
DA:1015,0
DA:1016,0
DA:1017,0
DA:1018,0
DA:1019,0
DA:1020,0
DA:1021,0
DA:1022,0
DA:1023,0
DA:1024,0
DA:1025,0
DA:1026,0
DA:1027,0
DA:1028,0
DA:1035,2
DA:1036,2
DA:1037,2
DA:1038,2
DA:1039,2
DA:1040,2
DA:1041,2
DA:1042,2
DA:1043,0
DA:1044,0
DA:1045,0
DA:1049,2
DA:1050,2
DA:1051,0
DA:1052,0
DA:1053,0
DA:1054,0
DA:1055,0
DA:1056,0
DA:1060,2
DA:1061,0
DA:1062,0
DA:1063,0
DA:1065,0
DA:1066,0
DA:1067,0
DA:1068,0
DA:1069,2
DA:1071,2
DA:1072,2
DA:1073,2
DA:1074,2
DA:1075,2
DA:1076,2
DA:1078,2
DA:1079,2
DA:1080,2
DA:1081,2
DA:1082,0
DA:1083,2
DA:1085,2
DA:1086,2
DA:1087,2
DA:1089,2
DA:1091,0
DA:1092,2
DA:1093,2
DA:1094,2
DA:1095,2
DA:1097,2
DA:1098,2
DA:1099,2
DA:1100,2
DA:1101,2
DA:1102,2
DA:1103,2
DA:1104,2
DA:1106,2
DA:1107,2
DA:1108,2
DA:1109,2
DA:1110,2
DA:1111,2
DA:1112,2
DA:1113,2
DA:1114,2
DA:1115,2
DA:1116,2
DA:1117,2
DA:1118,2
DA:1119,2
DA:1120,2
DA:1121,2
DA:1122,2
DA:1123,2
DA:1124,2
DA:1125,2
DA:1126,2
DA:1127,2
DA:1128,2
DA:1129,2
DA:1130,2
DA:1131,2
DA:1132,2
DA:1134,2
DA:1136,0
DA:1137,0
DA:1138,0
DA:1139,0
DA:1140,0
DA:1141,0
DA:1142,0
DA:1143,0
DA:1144,0
DA:1145,0
DA:1146,0
DA:1148,0
DA:1150,0
DA:1151,0
DA:1153,0
DA:1154,0
DA:1155,0
DA:1156,0
DA:1157,0
DA:1161,0
DA:1162,0
DA:1163,0
DA:1164,0
DA:1165,0
DA:1166,0
DA:1167,0
DA:1168,0
DA:1169,0
DA:1170,0
DA:1172,0
DA:1173,0
DA:1174,0
DA:1175,0
DA:1176,0
DA:1177,0
DA:1178,0
DA:1179,0
DA:1180,0
DA:1181,0
DA:1182,0
DA:1184,0
DA:1186,0
DA:1187,0
DA:1189,0
DA:1190,0
DA:1191,0
DA:1192,0
DA:1193,0
DA:1197,0
DA:1198,0
DA:1199,0
DA:1200,0
DA:1201,0
DA:1202,0
DA:1203,0
DA:1204,0
DA:1205,0
DA:1206,0
DA:1207,0
DA:1213,0
DA:1214,0
DA:1215,0
DA:1216,0
DA:1217,0
DA:1218,0
DA:1219,0
DA:1220,0
DA:1221,0
DA:1222,0
DA:1223,0
DA:1224,0
DA:1225,0
DA:1227,0
DA:1228,0
DA:1229,0
DA:1230,0
DA:1231,0
DA:1232,0
DA:1233,0
DA:1234,0
DA:1235,0
DA:1236,0
DA:1237,0
DA:1241,0
DA:1242,0
DA:1244,0
DA:1246,0
DA:1247,0
DA:1248,0
DA:1249,0
DA:1250,0
DA:1251,0
DA:1252,0
DA:1253,0
DA:1254,0
DA:1255,0
DA:1256,0
DA:1259,0
DA:1261,0
DA:1262,0
DA:1263,0
DA:1264,0
DA:1265,0
DA:1266,0
DA:1267,0
DA:1268,0
DA:1269,0
DA:1270,0
DA:1271,0
DA:1272,0
DA:1275,0
DA:1276,0
DA:1277,0
DA:1278,0
DA:1279,0
DA:1280,0
DA:1281,0
DA:1282,0
DA:1286,0
DA:1287,0
DA:1288,0
DA:1289,0
DA:1290,0
DA:1291,0
DA:1292,0
DA:1293,0
DA:1294,0
DA:1295,0
DA:1296,0
DA:1297,0
DA:1298,0
DA:1300,0
DA:1301,0
DA:1303,0
DA:1305,0
DA:1306,0
DA:1307,0
DA:1308,0
DA:1309,0
DA:1310,0
DA:1311,0
DA:1312,0
DA:1313,0
DA:1314,0
DA:1320,0
DA:1321,0
DA:1322,0
DA:1323,0
DA:1324,0
DA:1325,0
DA:1326,0
DA:1327,0
DA:1328,0
DA:1329,0
DA:1330,0
DA:1331,0
DA:1332,0
DA:1333,0
DA:1335,0
DA:1337,0
DA:1338,0
DA:1339,0
DA:1340,0
DA:1341,0
DA:1342,0
DA:1343,0
DA:1344,0
DA:1345,0
DA:1346,0
DA:1347,0
DA:1348,0
DA:1350,0
DA:1352,0
DA:1353,0
DA:1354,0
DA:1356,0
DA:1358,0
DA:1359,0
DA:1360,0
DA:1361,0
DA:1362,0
DA:1363,0
DA:1364,0
DA:1365,0
DA:1366,0
DA:1367,0
DA:1370,0
DA:1371,0
DA:1372,0
DA:1373,0
DA:1374,0
DA:1375,0
DA:1376,0
DA:1377,0
DA:1381,0
DA:1382,0
DA:1383,0
DA:1384,0
DA:1385,0
DA:1386,0
DA:1387,0
DA:1388,0
DA:1389,0
DA:1390,0
DA:1391,0
DA:1392,0
DA:1393,0
DA:1394,0
DA:1395,0
DA:1397,0
DA:1398,0
DA:1399,0
DA:1400,0
DA:1401,0
DA:1402,0
DA:1403,0
DA:1405,0
DA:1407,0
DA:1409,0
DA:1410,0
DA:1411,0
DA:1412,0
DA:1413,0
DA:1414,0
DA:1415,0
DA:1416,0
DA:1417,0
DA:1418,0
DA:1420,0
DA:1421,0
DA:1422,0
DA:1423,0
DA:1425,0
DA:1426,0
DA:1427,0
DA:1428,0
DA:1429,0
DA:1430,0
DA:1431,0
DA:1432,0
DA:1433,0
DA:1434,0
DA:1436,0
DA:1437,0
DA:1439,0
DA:1440,0
DA:1441,0
DA:1442,0
DA:1443,0
DA:1444,0
DA:1445,0
DA:1448,0
DA:1450,0
DA:1451,0
DA:1452,0
DA:1453,0
DA:1454,0
DA:1455,0
DA:1456,0
DA:1457,0
DA:1458,0
DA:1459,0
DA:1460,0
DA:1461,0
DA:1462,0
DA:1463,0
DA:1464,0
DA:1465,0
DA:1468,0
DA:1469,0
DA:1470,0
DA:1471,0
DA:1472,0
DA:1473,0
DA:1474,0
DA:1475,0
DA:1476,0
DA:1477,0
DA:1481,0
DA:1482,0
DA:1483,0
DA:1484,0
DA:1485,0
DA:1486,0
DA:1487,0
DA:1488,0
DA:1489,0
DA:1490,0
DA:1491,0
DA:1492,0
DA:1493,0
DA:1494,0
DA:1495,0
DA:1496,0
DA:1497,0
DA:1499,0
DA:1502,0
DA:1504,0
DA:1505,0
DA:1506,0
DA:1507,0
DA:1508,0
DA:1509,0
DA:1510,0
DA:1511,0
DA:1512,0
DA:1513,0
DA:1515,0
DA:1516,0
DA:1517,0
DA:1519,0
DA:1520,0
DA:1521,0
DA:1524,0
DA:1526,0
DA:1527,0
DA:1528,0
DA:1529,0
DA:1531,0
DA:1532,0
DA:1533,0
DA:1534,0
DA:1536,0
DA:1537,0
DA:1538,0
DA:1539,0
DA:1540,0
DA:1541,0
DA:1542,0
DA:1544,0
DA:1548,0
DA:1549,0
DA:1551,0
DA:1553,0
DA:1554,0
DA:1555,0
DA:1557,0
DA:1558,0
DA:1559,0
DA:1561,0
DA:1562,0
DA:1563,0
DA:1564,0
DA:1565,0
DA:1566,0
DA:1569,0
DA:1570,0
DA:1571,0
DA:1572,0
DA:1573,0
DA:1574,0
DA:1575,0
DA:1578,0
DA:1579,0
DA:1580,0
DA:1581,0
DA:1582,0
DA:1583,0
DA:1585,0
DA:1586,0
DA:1587,0
DA:1588,0
DA:1589,0
DA:1590,0
DA:1592,0
DA:1593,0
LF:1198
LH:317
end_of_record
TN:
SF:/home/runner/work/assimilate/assimilate/crates/agent/src/main.rs
FN:106,_RNCNCNvCs17DbJuMTePR_5agent4main0s0_0B5_
FN:121,_RNvCs17DbJuMTePR_5agent16normalize_ws_url
FN:27,_RNCNvCs17DbJuMTePR_5agent15shutdown_signal0B3_
FN:27,_RNvCs17DbJuMTePR_5agent15shutdown_signal
FN:59,_RNvCs17DbJuMTePR_5agent20agent_version_string
FN:85,_RNCNvCs17DbJuMTePR_5agent4main0B3_
FN:85,_RNvCs17DbJuMTePR_5agent4main
FN:92,_RNCNCNvCs17DbJuMTePR_5agent4main0s_0B5_
FNDA:3,_RNCNCNvCs17DbJuMTePR_5agent4main0s0_0B5_
FNDA:3,_RNvCs17DbJuMTePR_5agent16normalize_ws_url
FNDA:3,_RNCNvCs17DbJuMTePR_5agent15shutdown_signal0B3_
FNDA:3,_RNvCs17DbJuMTePR_5agent15shutdown_signal
FNDA:3,_RNvCs17DbJuMTePR_5agent20agent_version_string
FNDA:3,_RNCNvCs17DbJuMTePR_5agent4main0B3_
FNDA:3,_RNvCs17DbJuMTePR_5agent4main
FNDA:3,_RNCNCNvCs17DbJuMTePR_5agent4main0s_0B5_
FNF:8
FNH:8
DA:27,3
DA:29,3
DA:30,0
DA:31,0
DA:32,0
DA:33,0
DA:34,0
DA:35,0
DA:37,3
DA:38,3
DA:39,3
DA:40,0
DA:41,0
DA:42,0
DA:43,0
DA:46,3
DA:59,3
DA:60,3
DA:61,3
DA:63,0
DA:65,3
DA:85,3
DA:86,3
DA:87,3
DA:88,3
DA:90,3
DA:91,3
DA:92,3
DA:94,3
DA:96,3
DA:97,3
DA:99,3
DA:101,3
DA:102,3
DA:104,3
DA:106,3
DA:107,3
DA:108,0
DA:110,3
DA:111,3
DA:112,3
DA:113,3
DA:114,3
DA:115,3
DA:116,3
DA:117,3
DA:118,3
DA:119,3
DA:121,3
DA:122,3
DA:123,0
DA:124,3
DA:125,3
DA:126,0
DA:127,3
DA:128,3
DA:129,3
DA:130,0
DA:131,0
DA:132,3
LF:60
LH:44
end_of_record
TN:
SF:/home/runner/work/assimilate/assimilate/crates/agent/src/ssh_forward.rs
FN:117,_RNCNCNvNtCs17DbJuMTePR_5agent11ssh_forward16relay_connection0s_0B7_
FN:31,_RNvMNtCs17DbJuMTePR_5agent11ssh_forwardNtB2_16SshForwardSocket6create
FN:41,_RNvNtCs17DbJuMTePR_5agent11ssh_forward15run_ssh_forward
FN:46,_RNCNvNtCs17DbJuMTePR_5agent11ssh_forward15run_ssh_forward0B5_
FN:53,_RNvNtCs17DbJuMTePR_5agent11ssh_forward15build_relay_url
FN:65,_RNCNvNtCs17DbJuMTePR_5agent11ssh_forward11accept_loop0B5_
FN:65,_RNvNtCs17DbJuMTePR_5agent11ssh_forward11accept_loop
FN:79,_RNCNvNtCs17DbJuMTePR_5agent11ssh_forward16relay_connection0B5_
FN:79,_RNvNtCs17DbJuMTePR_5agent11ssh_forward16relay_connection
FN:96,_RNCNCNvNtCs17DbJuMTePR_5agent11ssh_forward16relay_connection00B7_
FNDA:0,_RNCNCNvNtCs17DbJuMTePR_5agent11ssh_forward16relay_connection0s_0B7_
FNDA:2,_RNvMNtCs17DbJuMTePR_5agent11ssh_forwardNtB2_16SshForwardSocket6create
FNDA:2,_RNvNtCs17DbJuMTePR_5agent11ssh_forward15run_ssh_forward
FNDA:2,_RNCNvNtCs17DbJuMTePR_5agent11ssh_forward15run_ssh_forward0B5_
FNDA:2,_RNvNtCs17DbJuMTePR_5agent11ssh_forward15build_relay_url
FNDA:2,_RNCNvNtCs17DbJuMTePR_5agent11ssh_forward11accept_loop0B5_
FNDA:2,_RNvNtCs17DbJuMTePR_5agent11ssh_forward11accept_loop
FNDA:0,_RNCNvNtCs17DbJuMTePR_5agent11ssh_forward16relay_connection0B5_
FNDA:0,_RNvNtCs17DbJuMTePR_5agent11ssh_forward16relay_connection
FNDA:0,_RNCNCNvNtCs17DbJuMTePR_5agent11ssh_forward16relay_connection00B7_
FNF:10
FNH:6
DA:31,2
DA:32,2
DA:33,2
DA:34,2
DA:35,2
DA:36,2
DA:37,2
DA:38,2
DA:41,2
DA:42,2
DA:43,2
DA:44,2
DA:45,2
DA:46,2
DA:47,2
DA:48,2
DA:49,2
DA:50,2
DA:51,2
DA:53,2
DA:54,2
DA:55,2
DA:56,2
DA:57,2
DA:58,0
DA:59,0
DA:60,0
DA:61,2
DA:62,2
DA:63,2
DA:65,2
DA:67,2
DA:68,0
DA:69,0
DA:70,0
DA:71,0
DA:72,0
DA:73,0
DA:77,0
DA:79,0
DA:80,0
DA:81,0
DA:82,0
DA:83,0
DA:84,0
DA:88,0
DA:89,0
DA:91,0
DA:92,0
DA:93,0
DA:94,0
DA:96,0
DA:97,0
DA:99,0
DA:100,0
DA:101,0
DA:102,0
DA:103,0
DA:105,0
DA:106,0
DA:107,0
DA:108,0
DA:110,0
DA:111,0
DA:115,0
DA:117,0
DA:119,0
DA:120,0
DA:121,0
DA:122,0
DA:123,0
DA:125,0
DA:126,0
DA:127,0
DA:128,0
DA:132,0
DA:135,0
DA:137,0
DA:138,0
LF:79
LH:29
end_of_record
TN:
SF:/home/runner/work/assimilate/assimilate/crates/agent/src/systemd.rs
FN:16,_RNCNvNtCs17DbJuMTePR_5agent7systemd25detect_restart_capability0B5_
FN:16,_RNvNtCs17DbJuMTePR_5agent7systemd25detect_restart_capability
FN:71,_RNvNtCs17DbJuMTePR_5agent7systemd15which_systemctl
FN:74,_RNCNvNtCs17DbJuMTePR_5agent7systemd15which_systemctl0B5_
FNDA:3,_RNCNvNtCs17DbJuMTePR_5agent7systemd25detect_restart_capability0B5_
FNDA:3,_RNvNtCs17DbJuMTePR_5agent7systemd25detect_restart_capability
FNDA:3,_RNvNtCs17DbJuMTePR_5agent7systemd15which_systemctl
FNDA:3,_RNCNvNtCs17DbJuMTePR_5agent7systemd15which_systemctl0B5_
FNF:4
FNH:4
DA:16,3
DA:17,3
DA:18,0
DA:19,0
DA:20,0
DA:21,0
DA:24,3
DA:26,3
DA:27,3
DA:28,3
DA:29,3
DA:30,3
DA:31,3
DA:32,3
DA:33,3
DA:34,3
DA:35,3
DA:36,3
DA:38,3
DA:39,0
DA:40,0
DA:41,0
DA:42,0
DA:45,3
DA:46,3
DA:47,3
DA:48,3
DA:49,3
DA:50,0
DA:52,0
DA:54,0
DA:55,0
DA:56,0
DA:57,0
DA:58,0
DA:59,0
DA:61,0
DA:62,0
DA:63,0
DA:64,0
DA:65,0
DA:66,0
DA:67,0
DA:69,3
DA:71,3
DA:72,3
DA:73,3
DA:74,3
DA:75,3
LF:49
LH:26
end_of_record
TN:
SF:/home/runner/work/assimilate/assimilate/crates/agent/src/ws.rs
FN:104,_RNCNCNvNtCs17DbJuMTePR_5agent2ws15connect_and_run0s1_0B7_
FN:117,_RNCNCNvNtCs17DbJuMTePR_5agent2ws15connect_and_run0s5_0B7_
FN:123,_RNCNCNvNtCs17DbJuMTePR_5agent2ws15connect_and_run0s6_0B7_
FN:129,_RNCNCNvNtCs17DbJuMTePR_5agent2ws15connect_and_run0s7_0B7_
FN:150,_RNCNCNvNtCs17DbJuMTePR_5agent2ws15connect_and_run0s8_0B7_
FN:163,_RNvNtCs17DbJuMTePR_5agent2ws19handle_text_message
FN:172,_RNCNvNtCs17DbJuMTePR_5agent2ws19handle_text_message0B5_
FN:19,_RNvNtCs17DbJuMTePR_5agent2ws13run_ws_client
FN:24,_RNCNvNtCs17DbJuMTePR_5agent2ws13run_ws_client0B5_
FN:254,_RNCNCNvNtCs17DbJuMTePR_5agent2ws19handle_text_message00B7_
FN:372,_RNvNtCs17DbJuMTePR_5agent2ws8is_fatal
FN:53,_RNvNtCs17DbJuMTePR_5agent2ws15connect_and_run
FN:58,_RNCNvNtCs17DbJuMTePR_5agent2ws15connect_and_run0B5_
FN:62,_RNCNCNvNtCs17DbJuMTePR_5agent2ws15connect_and_run00B7_
FN:69,_RNCNCNvNtCs17DbJuMTePR_5agent2ws15connect_and_run0s_0B7_
FN:80,_RNCNCNvNtCs17DbJuMTePR_5agent2ws15connect_and_run0s0_0B7_
FNDA:0,_RNCNCNvNtCs17DbJuMTePR_5agent2ws15connect_and_run0s1_0B7_
FNDA:0,_RNCNCNvNtCs17DbJuMTePR_5agent2ws15connect_and_run0s5_0B7_
FNDA:0,_RNCNCNvNtCs17DbJuMTePR_5agent2ws15connect_and_run0s6_0B7_
FNDA:0,_RNCNCNvNtCs17DbJuMTePR_5agent2ws15connect_and_run0s7_0B7_
FNDA:0,_RNCNCNvNtCs17DbJuMTePR_5agent2ws15connect_and_run0s8_0B7_
FNDA:145,_RNvNtCs17DbJuMTePR_5agent2ws19handle_text_message
FNDA:145,_RNCNvNtCs17DbJuMTePR_5agent2ws19handle_text_message0B5_
FNDA:3,_RNvNtCs17DbJuMTePR_5agent2ws13run_ws_client
FNDA:3,_RNCNvNtCs17DbJuMTePR_5agent2ws13run_ws_client0B5_
FNDA:0,_RNCNCNvNtCs17DbJuMTePR_5agent2ws19handle_text_message00B7_
FNDA:0,_RNvNtCs17DbJuMTePR_5agent2ws8is_fatal
FNDA:6,_RNvNtCs17DbJuMTePR_5agent2ws15connect_and_run
FNDA:6,_RNCNvNtCs17DbJuMTePR_5agent2ws15connect_and_run0B5_
FNDA:0,_RNCNCNvNtCs17DbJuMTePR_5agent2ws15connect_and_run00B7_
FNDA:6,_RNCNCNvNtCs17DbJuMTePR_5agent2ws15connect_and_run0s_0B7_
FNDA:6,_RNCNCNvNtCs17DbJuMTePR_5agent2ws15connect_and_run0s0_0B7_
FNF:16
FNH:8
DA:19,3
DA:20,3
DA:21,3
DA:22,3
DA:23,3
DA:24,3
DA:25,3
DA:28,6
DA:30,0
DA:32,0
DA:33,0
DA:34,0
DA:37,3
DA:38,3
DA:39,3
DA:40,3
DA:42,0
DA:43,0
DA:47,0
DA:48,0
DA:49,0
DA:51,0
DA:53,6
DA:54,6
DA:55,6
DA:56,6
DA:57,6
DA:58,6
DA:59,6
DA:60,6
DA:61,6
DA:62,6
DA:64,6
DA:66,6
DA:68,6
DA:69,6
DA:71,6
DA:72,6
DA:73,6
DA:74,6
DA:75,6
DA:76,6
DA:78,0
DA:80,6
DA:82,6
DA:83,6
DA:84,6
DA:85,6
DA:86,6
DA:87,6
DA:89,0
DA:91,6
DA:92,0
DA:94,6
DA:96,6
DA:97,6
DA:98,6
DA:101,6
DA:102,6
DA:103,6
DA:104,6
DA:106,6
DA:108,6
DA:109,6
DA:112,269
DA:113,269
DA:114,114
DA:115,114
DA:116,114
DA:117,114
DA:119,269
DA:120,7
DA:121,7
DA:122,7
DA:123,7
DA:125,269
DA:126,145
DA:127,0
DA:129,145
DA:130,145
DA:131,145
DA:132,145
DA:133,145
DA:134,145
DA:135,145
DA:136,145
DA:138,0
DA:139,0
DA:140,0
DA:142,0
DA:143,0
DA:144,0
DA:145,0
DA:147,0
DA:148,0
DA:149,0
DA:150,0
DA:152,0
DA:157,3
DA:163,145
DA:164,145
DA:165,145
DA:166,145
DA:167,145
DA:168,145
DA:169,145
DA:170,145
DA:171,145
DA:172,145
DA:173,145
DA:175,145
DA:176,18
DA:177,18
DA:178,18
DA:179,18
DA:180,18
DA:181,18
DA:183,0
DA:184,18
DA:187,2
DA:188,2
DA:189,2
DA:192,2
DA:193,2
DA:194,2
DA:195,2
DA:196,2
DA:197,2
DA:198,2
DA:199,2
DA:200,2
DA:202,0
DA:203,2
DA:205,0
DA:206,0
DA:207,0
DA:208,0
DA:209,0
DA:210,0
DA:212,0
DA:213,0
DA:215,0
DA:216,0
DA:217,0
DA:218,0
DA:219,0
DA:220,0
DA:222,0
DA:223,0
DA:226,0
DA:227,0
DA:228,0
DA:229,0
DA:230,0
DA:231,0
DA:234,0
DA:235,0
DA:236,0
DA:237,0
DA:238,0
DA:239,0
DA:240,0
DA:241,0
DA:242,0
DA:243,0
DA:244,0
DA:245,0
DA:247,0
DA:248,0
DA:251,120
DA:252,120
DA:253,120
DA:254,120
DA:257,3
DA:258,3
DA:261,0
DA:262,0
DA:265,0
DA:268,0
DA:269,0
DA:270,0
DA:271,0
DA:272,0
DA:274,0
DA:275,0
DA:276,0
DA:277,0
DA:278,0
DA:279,0
DA:280,0
DA:281,0
DA:282,0
DA:283,0
DA:284,0
DA:286,0
DA:287,0
DA:290,0
DA:291,0
DA:292,0
DA:294,0
DA:295,0
DA:296,0
DA:297,0
DA:298,0
DA:299,0
DA:300,0
DA:301,0
DA:302,0
DA:304,0
DA:305,0
DA:308,0
DA:311,0
DA:314,0
DA:317,0
DA:320,0
DA:321,0
DA:322,0
DA:324,0
DA:325,0
DA:326,0
DA:327,0
DA:328,0
DA:329,0
DA:330,0
DA:331,0
DA:333,0
DA:334,0
DA:336,2
DA:337,2
DA:338,2
DA:339,2
DA:340,2
DA:341,2
DA:343,0
DA:344,2
DA:348,142
DA:349,145
DA:372,0
DA:373,0
DA:374,0
LF:240
LH:120
end_of_record
TN:
SF:/home/runner/work/assimilate/assimilate/crates/server/src/api/agents.rs
FN:112,_RNvNtNtCseNB3pEP2mZa_6server3api6agents12create_agent
FN:116,_RNCNvNtNtCseNB3pEP2mZa_6server3api6agents12create_agent0B7_
FN:163,_RNvNtNtCseNB3pEP2mZa_6server3api6agents11list_agents
FN:167,_RNCNvNtNtCseNB3pEP2mZa_6server3api6agents11list_agents0B7_
FN:208,_RNvNtNtCseNB3pEP2mZa_6server3api6agents9get_agent
FN:212,_RNCNvNtNtCseNB3pEP2mZa_6server3api6agents9get_agent0B7_
FN:236,_RNvNtNtCseNB3pEP2mZa_6server3api6agents12update_agent
FN:241,_RNCNvNtNtCseNB3pEP2mZa_6server3api6agents12update_agent0B7_
FN:244,_RNCNCNvNtNtCseNB3pEP2mZa_6server3api6agents12update_agent00B9_
FN:246,_RNCNCNvNtNtCseNB3pEP2mZa_6server3api6agents12update_agent0s_0B9_
FN:283,_RNvNtNtCseNB3pEP2mZa_6server3api6agents12delete_agent
FN:287,_RNCNvNtNtCseNB3pEP2mZa_6server3api6agents12delete_agent0B7_
FN:316,_RNvNtNtCseNB3pEP2mZa_6server3api6agents16regenerate_token
FN:320,_RNCNvNtNtCseNB3pEP2mZa_6server3api6agents16regenerate_token0B7_
FN:383,_RNvNtNtCseNB3pEP2mZa_6server3api6agents13restart_agent
FN:387,_RNCNvNtNtCseNB3pEP2mZa_6server3api6agents13restart_agent0B7_
FN:392,_RNCNCNvNtNtCseNB3pEP2mZa_6server3api6agents13restart_agent00B9_
FN:400,_RNCNCNvNtNtCseNB3pEP2mZa_6server3api6agents13restart_agent0s_0B9_
FN:423,_RNvNtNtCseNB3pEP2mZa_6server3api6agents22list_hostname_patterns
FN:427,_RNCNvNtNtCseNB3pEP2mZa_6server3api6agents22list_hostname_patterns0B7_
FN:460,_RNvNtNtCseNB3pEP2mZa_6server3api6agents20add_hostname_pattern
FN:465,_RNCNvNtNtCseNB3pEP2mZa_6server3api6agents20add_hostname_pattern0B7_
FN:491,_RNvNtNtCseNB3pEP2mZa_6server3api6agents23delete_hostname_pattern
FN:495,_RNCNvNtNtCseNB3pEP2mZa_6server3api6agents23delete_hostname_pattern0B7_
FN:529,_RNvNtNtCseNB3pEP2mZa_6server3api6agents11merge_agent
FN:534,_RNCNvNtNtCseNB3pEP2mZa_6server3api6agents11merge_agent0B7_
FN:565,_RNvNtNtCseNB3pEP2mZa_6server3api6agents10hide_agent
FN:569,_RNCNvNtNtCseNB3pEP2mZa_6server3api6agents10hide_agent0B7_
FN:592,_RNvNtNtCseNB3pEP2mZa_6server3api6agents12unhide_agent
FN:596,_RNCNvNtNtCseNB3pEP2mZa_6server3api6agents12unhide_agent0B7_
FN:620,_RNvNtNtCseNB3pEP2mZa_6server3api6agents21delete_agent_archives
FN:624,_RNCNvNtNtCseNB3pEP2mZa_6server3api6agents21delete_agent_archives0B7_
FN:67,_RNCNvNtNtCseNB3pEP2mZa_6server3api6agents20build_agent_response0B7_
FN:67,_RNvNtNtCseNB3pEP2mZa_6server3api6agents20build_agent_response
FNDA:0,_RNvNtNtCseNB3pEP2mZa_6server3api6agents12create_agent
FNDA:0,_RNCNvNtNtCseNB3pEP2mZa_6server3api6agents12create_agent0B7_
FNDA:40,_RNvNtNtCseNB3pEP2mZa_6server3api6agents11list_agents
FNDA:40,_RNCNvNtNtCseNB3pEP2mZa_6server3api6agents11list_agents0B7_
FNDA:0,_RNvNtNtCseNB3pEP2mZa_6server3api6agents9get_agent
FNDA:0,_RNCNvNtNtCseNB3pEP2mZa_6server3api6agents9get_agent0B7_
FNDA:0,_RNvNtNtCseNB3pEP2mZa_6server3api6agents12update_agent
FNDA:0,_RNCNvNtNtCseNB3pEP2mZa_6server3api6agents12update_agent0B7_
FNDA:0,_RNCNCNvNtNtCseNB3pEP2mZa_6server3api6agents12update_agent00B9_
FNDA:0,_RNCNCNvNtNtCseNB3pEP2mZa_6server3api6agents12update_agent0s_0B9_
FNDA:0,_RNvNtNtCseNB3pEP2mZa_6server3api6agents12delete_agent
FNDA:0,_RNCNvNtNtCseNB3pEP2mZa_6server3api6agents12delete_agent0B7_
FNDA:0,_RNvNtNtCseNB3pEP2mZa_6server3api6agents16regenerate_token
FNDA:0,_RNCNvNtNtCseNB3pEP2mZa_6server3api6agents16regenerate_token0B7_
FNDA:0,_RNvNtNtCseNB3pEP2mZa_6server3api6agents13restart_agent
FNDA:0,_RNCNvNtNtCseNB3pEP2mZa_6server3api6agents13restart_agent0B7_
FNDA:0,_RNCNCNvNtNtCseNB3pEP2mZa_6server3api6agents13restart_agent00B9_
FNDA:0,_RNCNCNvNtNtCseNB3pEP2mZa_6server3api6agents13restart_agent0s_0B9_
FNDA:1,_RNvNtNtCseNB3pEP2mZa_6server3api6agents22list_hostname_patterns
FNDA:1,_RNCNvNtNtCseNB3pEP2mZa_6server3api6agents22list_hostname_patterns0B7_
FNDA:0,_RNvNtNtCseNB3pEP2mZa_6server3api6agents20add_hostname_pattern
FNDA:0,_RNCNvNtNtCseNB3pEP2mZa_6server3api6agents20add_hostname_pattern0B7_
FNDA:0,_RNvNtNtCseNB3pEP2mZa_6server3api6agents23delete_hostname_pattern
FNDA:0,_RNCNvNtNtCseNB3pEP2mZa_6server3api6agents23delete_hostname_pattern0B7_
FNDA:0,_RNvNtNtCseNB3pEP2mZa_6server3api6agents11merge_agent
FNDA:0,_RNCNvNtNtCseNB3pEP2mZa_6server3api6agents11merge_agent0B7_
FNDA:0,_RNvNtNtCseNB3pEP2mZa_6server3api6agents10hide_agent
FNDA:0,_RNCNvNtNtCseNB3pEP2mZa_6server3api6agents10hide_agent0B7_
FNDA:0,_RNvNtNtCseNB3pEP2mZa_6server3api6agents12unhide_agent
FNDA:0,_RNCNvNtNtCseNB3pEP2mZa_6server3api6agents12unhide_agent0B7_
FNDA:0,_RNvNtNtCseNB3pEP2mZa_6server3api6agents21delete_agent_archives
FNDA:0,_RNCNvNtNtCseNB3pEP2mZa_6server3api6agents21delete_agent_archives0B7_
FNDA:302,_RNCNvNtNtCseNB3pEP2mZa_6server3api6agents20build_agent_response0B7_
FNDA:302,_RNvNtNtCseNB3pEP2mZa_6server3api6agents20build_agent_response
FNF:34
FNH:6
DA:67,302
DA:68,302
DA:69,302
DA:70,302
DA:71,302
DA:72,302
DA:73,302
DA:74,302
DA:75,302
DA:76,302
DA:77,302
DA:78,302
DA:79,302
DA:80,302
DA:81,302
DA:82,302
DA:83,302
DA:84,302
DA:85,302
DA:86,302
DA:87,302
DA:88,302
DA:89,302
DA:90,302
DA:91,302
DA:92,302
DA:93,302
DA:94,302
DA:112,0
DA:113,0
DA:114,0
DA:115,0
DA:116,0
DA:117,0
DA:119,0
DA:121,0
DA:123,0
DA:124,0
DA:125,0
DA:126,0
DA:127,0
DA:128,0
DA:129,0
DA:130,0
DA:135,0
DA:136,0
DA:139,0
DA:163,40
DA:164,40
DA:165,40
DA:166,40
DA:167,40
DA:168,40
DA:169,40
DA:170,40
DA:171,40
DA:172,40
DA:173,320
DA:174,320
DA:175,320
DA:176,320
DA:177,320
DA:178,320
DA:179,320
DA:180,320
DA:181,320
DA:183,18
DA:184,302
DA:185,302
DA:187,40
DA:188,40
DA:208,0
DA:209,0
DA:210,0
DA:211,0
DA:212,0
DA:213,0
DA:214,0
DA:215,0
DA:236,0
DA:237,0
DA:238,0
DA:239,0
DA:240,0
DA:241,0
DA:242,0
DA:243,0
DA:244,0
DA:245,0
DA:246,0
DA:247,0
DA:248,0
DA:249,0
DA:250,0
DA:251,0
DA:252,0
DA:253,0
DA:254,0
DA:255,0
DA:256,0
DA:257,0
DA:258,0
DA:259,0
DA:260,0
DA:261,0
DA:262,0
DA:263,0
DA:283,0
DA:284,0
DA:285,0
DA:286,0
DA:287,0
DA:288,0
DA:290,0
DA:291,0
DA:292,0
DA:294,0
DA:295,0
DA:296,0
DA:316,0
DA:317,0
DA:318,0
DA:319,0
DA:320,0
DA:321,0
DA:322,0
DA:324,0
DA:326,0
DA:328,0
DA:330,0
DA:331,0
DA:332,0
DA:334,0
DA:335,0
DA:336,0
DA:337,0
DA:338,0
DA:339,0
DA:340,0
DA:341,0
DA:342,0
DA:343,0
DA:344,0
DA:345,0
DA:346,0
DA:347,0
DA:348,0
DA:349,0
DA:350,0
DA:351,0
DA:352,0
DA:353,0
DA:354,0
DA:355,0
DA:356,0
DA:357,0
DA:358,0
DA:359,0
DA:360,0
DA:383,0
DA:384,0
DA:385,0
DA:386,0
DA:387,0
DA:388,0
DA:390,0
DA:392,0
DA:394,0
DA:396,0
DA:397,0
DA:398,0
DA:399,0
DA:400,0
DA:402,0
DA:403,0
DA:423,1
DA:424,1
DA:425,1
DA:426,1
DA:427,1
DA:428,1
DA:429,1
DA:430,1
DA:431,1
DA:460,0
DA:461,0
DA:462,0
DA:463,0
DA:464,0
DA:465,0
DA:466,0
DA:467,0
DA:468,0
DA:469,0
DA:470,0
DA:491,0
DA:492,0
DA:493,0
DA:494,0
DA:495,0
DA:496,0
DA:497,0
DA:498,0
DA:499,0
DA:529,0
DA:530,0
DA:531,0
DA:532,0
DA:533,0
DA:534,0
DA:535,0
DA:536,0
DA:538,0
DA:539,0
DA:541,0
DA:542,0
DA:544,0
DA:545,0
DA:565,0
DA:566,0
DA:567,0
DA:568,0
DA:569,0
DA:570,0
DA:571,0
DA:572,0
DA:592,0
DA:593,0
DA:594,0
DA:595,0
DA:596,0
DA:597,0
DA:598,0
DA:599,0
DA:620,0
DA:621,0
DA:622,0
DA:623,0
DA:624,0
DA:625,0
DA:627,0
DA:629,0
DA:630,0
DA:632,0
DA:633,0
DA:635,0
DA:636,0
DA:637,0
DA:638,0
DA:639,0
DA:640,0
DA:643,0
DA:644,0
DA:647,0
DA:649,0
DA:652,0
DA:653,0
DA:655,0
DA:656,0
DA:657,0
DA:658,0
DA:659,0
DA:661,0
DA:662,0
DA:663,0
DA:664,0
DA:665,0
DA:667,0
DA:668,0
DA:669,0
DA:670,0
DA:671,0
DA:673,0
DA:674,0
DA:675,0
DA:676,0
DA:677,0
DA:678,0
DA:679,0
DA:680,0
DA:681,0
DA:682,0
DA:683,0
DA:684,0
DA:685,0
DA:686,0
DA:687,0
DA:689,0
DA:690,0
DA:695,0
DA:696,0
DA:697,0
DA:699,0
DA:700,0
DA:701,0
DA:702,0
DA:703,0
DA:704,0
LF:298
LH:61
end_of_record
TN:
SF:/home/runner/work/assimilate/assimilate/crates/server/src/api/archives.rs
FN:100,_RNvNtNtCseNB3pEP2mZa_6server3api8archives12get_repo_env
FN:1003,_RNvNtNtCseNB3pEP2mZa_6server3api8archives24get_archive_index_status
FN:1007,_RNCNvNtNtCseNB3pEP2mZa_6server3api8archives24get_archive_index_status0B7_
FN:1028,_RNCNCNvNtNtCseNB3pEP2mZa_6server3api8archives24get_archive_index_status0s_0B9_
FN:104,_RNCNvNtNtCseNB3pEP2mZa_6server3api8archives12get_repo_env0B7_
FN:1060,_RNvNtNtCseNB3pEP2mZa_6server3api8archives12extract_file
FN:1065,_RNCNvNtNtCseNB3pEP2mZa_6server3api8archives12extract_file0B7_
FN:1086,_RNCNCNvNtNtCseNB3pEP2mZa_6server3api8archives12extract_file0s_0B9_
FN:1090,_RNCNCNvNtNtCseNB3pEP2mZa_6server3api8archives12extract_file0s0_0B9_
FN:1094,_RNCNCNvNtNtCseNB3pEP2mZa_6server3api8archives12extract_file0s1_0B9_
FN:1104,_RNCNCNvNtNtCseNB3pEP2mZa_6server3api8archives12extract_file0s2_0B9_
FN:1114,_RNCNCNvNtNtCseNB3pEP2mZa_6server3api8archives12extract_file0s3_0B9_
FN:131,_RNvNtNtCseNB3pEP2mZa_6server3api8archives19classify_borg_error
FN:168,_RNvXNtNtCseNB3pEP2mZa_6server3api8archivesNtB2_11ContentTypeINtNtCs3BFokC4QLxY_4core7convert4FromReE4from
FN:190,_RNvMs_NtNtCseNB3pEP2mZa_6server3api8archivesNtB4_11ContentType6as_str
FN:211,_RNvNtNtCseNB3pEP2mZa_6server3api8archives26content_type_for_extension
FN:214,_RNCNvNtNtCseNB3pEP2mZa_6server3api8archives26content_type_for_extension0B7_
FN:219,_RNvNtNtCseNB3pEP2mZa_6server3api8archives17ensure_utc_suffix
FN:307,_RNvNtNtCseNB3pEP2mZa_6server3api8archives13list_archives
FN:311,_RNCNvNtNtCseNB3pEP2mZa_6server3api8archives13list_archives0B7_
FN:33,_RNvNtNtCseNB3pEP2mZa_6server3api8archives22index_status_to_string
FN:331,_RNCNCNvNtNtCseNB3pEP2mZa_6server3api8archives13list_archives0s_0B9_
FN:373,_RNvNtNtCseNB3pEP2mZa_6server3api8archives12archive_info
FN:377,_RNCNvNtNtCseNB3pEP2mZa_6server3api8archives12archive_info0B7_
FN:395,_RNCNCNvNtNtCseNB3pEP2mZa_6server3api8archives12archive_info0s_0B9_
FN:404,_RNCNCNvNtNtCseNB3pEP2mZa_6server3api8archives12archive_info0s0_0B9_
FN:409,_RNCNCNvNtNtCseNB3pEP2mZa_6server3api8archives12archive_info0s1_0B9_
FN:410,_RNCNCNvNtNtCseNB3pEP2mZa_6server3api8archives12archive_info0s2_0B9_
FN:416,_RNCNCNvNtNtCseNB3pEP2mZa_6server3api8archives12archive_info0s3_0B9_
FN:420,_RNCNCNvNtNtCseNB3pEP2mZa_6server3api8archives12archive_info0s4_0B9_
FN:424,_RNCNCNvNtNtCseNB3pEP2mZa_6server3api8archives12archive_info0s5_0B9_
FN:428,_RNCNCNvNtNtCseNB3pEP2mZa_6server3api8archives12archive_info0s6_0B9_
FN:474,_RNvNtNtCseNB3pEP2mZa_6server3api8archives14delete_archive
FN:478,_RNCNvNtNtCseNB3pEP2mZa_6server3api8archives14delete_archive0B7_
FN:49,_RNvNtNtCseNB3pEP2mZa_6server3api8archives13validate_path
FN:515,_RNvNtNtCseNB3pEP2mZa_6server3api8archives20run_archive_deletion
FN:523,_RNCNvNtNtCseNB3pEP2mZa_6server3api8archives20run_archive_deletion0B7_
FN:570,_RNvNtNtCseNB3pEP2mZa_6server3api8archives19execute_borg_delete
FN:576,_RNCNvNtNtCseNB3pEP2mZa_6server3api8archives19execute_borg_delete0B7_
FN:626,_RNvNtNtCseNB3pEP2mZa_6server3api8archives25finalize_archive_deletion
FN:632,_RNCNvNtNtCseNB3pEP2mZa_6server3api8archives25finalize_archive_deletion0B7_
FN:685,_RNvNtNtCseNB3pEP2mZa_6server3api8archives14normalize_path
FN:701,_RNvNtNtCseNB3pEP2mZa_6server3api8archives13list_patterns
FN:729,_RNvNtNtCseNB3pEP2mZa_6server3api8archives23fold_immediate_children
FN:73,_RNCNvNtNtCseNB3pEP2mZa_6server3api8archives13validate_path0B7_
FN:810,_RNvNtNtCseNB3pEP2mZa_6server3api8archives13list_contents
FN:815,_RNCNvNtNtCseNB3pEP2mZa_6server3api8archives13list_contents0B7_
FN:830,_RNCNCNvNtNtCseNB3pEP2mZa_6server3api8archives13list_contents0s_0B9_
FN:87,_RNvNtNtCseNB3pEP2mZa_6server3api8archives21validate_extract_path
FN:875,_RNCNCNvNtNtCseNB3pEP2mZa_6server3api8archives13list_contents0s0_0B9_
FN:890,_RNvNtNtCseNB3pEP2mZa_6server3api8archives21borg_list_raw_entries
FN:895,_RNCNvNtNtCseNB3pEP2mZa_6server3api8archives21borg_list_raw_entries0B7_
FN:909,_RNCNCNvNtNtCseNB3pEP2mZa_6server3api8archives21borg_list_raw_entries00B9_
FN:921,_RNCNCNvNtNtCseNB3pEP2mZa_6server3api8archives21borg_list_raw_entries0s_0B9_
FN:922,_RNCNCNvNtNtCseNB3pEP2mZa_6server3api8archives21borg_list_raw_entries0s0_0B9_
FN:929,_RNCNCNvNtNtCseNB3pEP2mZa_6server3api8archives21borg_list_raw_entries0s1_0B9_
FN:963,_RNCNCNvNtNtCseNB3pEP2mZa_6server3api8archives21borg_list_raw_entries0s2_0B9_
FN:964,_RNCNCNvNtNtCseNB3pEP2mZa_6server3api8archives21borg_list_raw_entries0s3_0B9_
FNDA:35,_RNvNtNtCseNB3pEP2mZa_6server3api8archives12get_repo_env
FNDA:0,_RNvNtNtCseNB3pEP2mZa_6server3api8archives24get_archive_index_status
FNDA:0,_RNCNvNtNtCseNB3pEP2mZa_6server3api8archives24get_archive_index_status0B7_
FNDA:0,_RNCNCNvNtNtCseNB3pEP2mZa_6server3api8archives24get_archive_index_status0s_0B9_
FNDA:35,_RNCNvNtNtCseNB3pEP2mZa_6server3api8archives12get_repo_env0B7_
FNDA:0,_RNvNtNtCseNB3pEP2mZa_6server3api8archives12extract_file
FNDA:0,_RNCNvNtNtCseNB3pEP2mZa_6server3api8archives12extract_file0B7_
FNDA:0,_RNCNCNvNtNtCseNB3pEP2mZa_6server3api8archives12extract_file0s_0B9_
FNDA:0,_RNCNCNvNtNtCseNB3pEP2mZa_6server3api8archives12extract_file0s0_0B9_
FNDA:0,_RNCNCNvNtNtCseNB3pEP2mZa_6server3api8archives12extract_file0s1_0B9_
FNDA:0,_RNCNCNvNtNtCseNB3pEP2mZa_6server3api8archives12extract_file0s2_0B9_
FNDA:0,_RNCNCNvNtNtCseNB3pEP2mZa_6server3api8archives12extract_file0s3_0B9_
FNDA:0,_RNvNtNtCseNB3pEP2mZa_6server3api8archives19classify_borg_error
FNDA:0,_RNvXNtNtCseNB3pEP2mZa_6server3api8archivesNtB2_11ContentTypeINtNtCs3BFokC4QLxY_4core7convert4FromReE4from
FNDA:0,_RNvMs_NtNtCseNB3pEP2mZa_6server3api8archivesNtB4_11ContentType6as_str
FNDA:0,_RNvNtNtCseNB3pEP2mZa_6server3api8archives26content_type_for_extension
FNDA:0,_RNCNvNtNtCseNB3pEP2mZa_6server3api8archives26content_type_for_extension0B7_
FNDA:0,_RNvNtNtCseNB3pEP2mZa_6server3api8archives17ensure_utc_suffix
FNDA:64,_RNvNtNtCseNB3pEP2mZa_6server3api8archives13list_archives
FNDA:64,_RNCNvNtNtCseNB3pEP2mZa_6server3api8archives13list_archives0B7_
FNDA:8,_RNvNtNtCseNB3pEP2mZa_6server3api8archives22index_status_to_string
FNDA:977,_RNCNCNvNtNtCseNB3pEP2mZa_6server3api8archives13list_archives0s_0B9_
FNDA:0,_RNvNtNtCseNB3pEP2mZa_6server3api8archives12archive_info
FNDA:0,_RNCNvNtNtCseNB3pEP2mZa_6server3api8archives12archive_info0B7_
FNDA:0,_RNCNCNvNtNtCseNB3pEP2mZa_6server3api8archives12archive_info0s_0B9_
FNDA:0,_RNCNCNvNtNtCseNB3pEP2mZa_6server3api8archives12archive_info0s0_0B9_
FNDA:0,_RNCNCNvNtNtCseNB3pEP2mZa_6server3api8archives12archive_info0s1_0B9_
FNDA:0,_RNCNCNvNtNtCseNB3pEP2mZa_6server3api8archives12archive_info0s2_0B9_
FNDA:0,_RNCNCNvNtNtCseNB3pEP2mZa_6server3api8archives12archive_info0s3_0B9_
FNDA:0,_RNCNCNvNtNtCseNB3pEP2mZa_6server3api8archives12archive_info0s4_0B9_
FNDA:0,_RNCNCNvNtNtCseNB3pEP2mZa_6server3api8archives12archive_info0s5_0B9_
FNDA:0,_RNCNCNvNtNtCseNB3pEP2mZa_6server3api8archives12archive_info0s6_0B9_
FNDA:0,_RNvNtNtCseNB3pEP2mZa_6server3api8archives14delete_archive
FNDA:0,_RNCNvNtNtCseNB3pEP2mZa_6server3api8archives14delete_archive0B7_
FNDA:1,_RNvNtNtCseNB3pEP2mZa_6server3api8archives13validate_path
FNDA:0,_RNvNtNtCseNB3pEP2mZa_6server3api8archives20run_archive_deletion
FNDA:0,_RNCNvNtNtCseNB3pEP2mZa_6server3api8archives20run_archive_deletion0B7_
FNDA:0,_RNvNtNtCseNB3pEP2mZa_6server3api8archives19execute_borg_delete
FNDA:0,_RNCNvNtNtCseNB3pEP2mZa_6server3api8archives19execute_borg_delete0B7_
FNDA:0,_RNvNtNtCseNB3pEP2mZa_6server3api8archives25finalize_archive_deletion
FNDA:0,_RNCNvNtNtCseNB3pEP2mZa_6server3api8archives25finalize_archive_deletion0B7_
FNDA:157,_RNvNtNtCseNB3pEP2mZa_6server3api8archives14normalize_path
FNDA:0,_RNvNtNtCseNB3pEP2mZa_6server3api8archives13list_patterns
FNDA:0,_RNvNtNtCseNB3pEP2mZa_6server3api8archives23fold_immediate_children
FNDA:1,_RNCNvNtNtCseNB3pEP2mZa_6server3api8archives13validate_path0B7_
FNDA:8,_RNvNtNtCseNB3pEP2mZa_6server3api8archives13list_contents
[...]
FNDA:114,_RNCNKNvNtNtCsf37R1fIfHgA_4rand4rngs6thread14THREAD_RNG_KEY00B9_
FNDA:132,_RNCNKNvNtNtCsfEkUqNkVt2r_4rand4rngs6thread14THREAD_RNG_KEY00B9_
FNDA:1602,_RNCNKNvNtNtCsfKe9aGLJzkM_5tokio7runtime4park14CURRENT_PARKER00B9_
FNDA:0,_RNCNKNvNtNtCsfQQnaYrQ4RY_14dprint_swc_ext4view9generated20LOCAL_BUMP_ALLOCATOR00B9_
FNDA:0,_RNCNKNvNtNtCsfQQnaYrQ4RY_14dprint_swc_ext4view9generated20LOCAL_BUMP_ALLOCATOR00Cs8LMMu7ycLsZ_24dprint_plugin_typescript
FNDA:0,_RNCNKNvNtNtCsfnlRMt3Gudl_11dprint_core10formatting12thread_state14BUMP_ALLOCATOR00B9_
FNDA:0,_RNCNKNvNtNtCsfnlRMt3Gudl_11dprint_core10formatting12thread_state6COUNTS00B9_
FNDA:0,_RNCNKNvNtNtCsfnlRMt3Gudl_11dprint_core10formatting19condition_resolvers22IS_FORCING_NO_NEWLINES00B9_
FNDA:0,_RNCNKNvNtNtCsfnlRMt3Gudl_11dprint_core10formatting19condition_resolvers25IS_START_OF_LINE_INDENTED00B9_
FNDA:0,_RNCNKNvNtNtCsfnlRMt3Gudl_11dprint_core10formatting19condition_resolvers25IS_START_OF_LINE_RESOLVER00B9_
FNDA:0,_RNCNKNvNtNtCsfnlRMt3Gudl_11dprint_core10formatting19condition_resolvers29IS_NOT_START_OF_LINE_RESOLVER00B9_
FNDA:0,_RNCNKNvNtNtCsfnlRMt3Gudl_11dprint_core10formatting19condition_resolvers45IS_START_OF_LINE_OR_IS_START_OF_LINE_INDENTED00B9_
FNDA:0,_RNCNKNvNtNtCsfnlRMt3Gudl_11dprint_core10formatting19condition_resolvers4TRUE00B9_
FNDA:0,_RNCNKNvNtNtCsfnlRMt3Gudl_11dprint_core10formatting19condition_resolvers5FALSE00B9_
FNDA:0,_RNCNKNvNtNtNtCscUqIpj4ljcF_14regex_automata4util4pool5inner9THREAD_ID00Bb_
FNDA:0,_RNCNKNvNtNtNtCsfbHgMskTXxA_6chrono6offset5local5inner7TZ_INFO00Bb_
FNDA:0,_RNCNKNvNvMsh_CsCd5SPnzmVh_14event_listenerINtBb_13InnerListenerppE13wait_internal6PARKER00Bb_
FNDA:0,_RNCNKNvNvMsh_CsCd5SPnzmVh_14event_listenerINtBb_13InnerListenerppE13wait_internal6PARKER00CsdFCZnluBMNy_5isahc
FNDA:0,_RNCNKNvNvNtCs2g9KrAGqGo2_7reqwest4util11fast_random3KEY00B9_
FNDA:0,_RNCNKNvNvNtCs2g9KrAGqGo2_7reqwest4util11fast_random7COUNTER00B9_
FNDA:0,_RNCNKNvNvNtCs30vks8MdnyD_16parking_lot_core11parking_lot16with_thread_data11THREAD_DATA00B9_
FNDA:61957,_RNCNKNvNvNtCs30vks8MdnyD_16parking_lot_core11parking_lot16with_thread_data11THREAD_DATA00Cse0UOfq1JB17_11parking_lot
FNDA:0,_RNCNKNvNvNtCs30vks8MdnyD_16parking_lot_core11parking_lot16with_thread_data11THREAD_DATA00CsgID4oLj2Q4v_7dashmap
FNDA:0,_RNCNKNvNvNtCs30vks8MdnyD_16parking_lot_core9word_lock16with_thread_data11THREAD_DATA00B9_
FNDA:0,_RNCNKNvNvNtCsamdCMqwoE6u_12futures_lite6future8block_on5CACHE00B9_
FNDA:0,_RNCNKNvNvNtCsamdCMqwoE6u_12futures_lite6future8block_on5CACHE00CsdFCZnluBMNy_5isahc
FNDA:0,_RNCNKNvNvNtNtCs3tZ2bdAxrg5_12futures_util11async_await6random6random3RNG00Bb_
FNDA:0,_RNCNKNvNvXNtCse0UOfq1JB17_11parking_lot7remutexNtB8_11RawThreadIdNtNtCs9SYa2qWeHAh_8lock_api7remutex11GetThreadId17nonzero_thread_id3KEY00Ba_
FNF:154
FNH:29
DA:68,1717112
DA:75,117308
DA:85,224
DA:97,129226
DA:105,6
LF:5
LH:5
end_of_record
TN:
SF:src/api/client.ts
FN:11,(anonymous_0)
FN:12,(anonymous_1)
FNDA:1404,(anonymous_0)
FNDA:10,(anonymous_1)
FNF:2
FNH:2
DA:6,144
DA:11,144
DA:12,1404
DA:14,10
DA:15,0
DA:17,10
LF:6
LH:5
end_of_record
TN:
SF:src/api/notifications.ts
FN:103,validateSmtp
FN:15,listChannels
FN:20,createChannel
FN:25,updateChannel
FN:33,deleteChannel
FN:37,testChannel
FN:41,listRules
FN:46,createRule
FN:51,deleteRule
FN:60,getVapidPublicKey
FN:67,saveVapidKeys
FN:74,subscribePush
FN:78,unsubscribePush
FN:82,listPushSubscriptions
FN:87,listDeliveries
FNDA:0,validateSmtp
FNDA:1,listChannels
FNDA:0,createChannel
FNDA:0,updateChannel
FNDA:0,deleteChannel
FNDA:0,testChannel
FNDA:1,listRules
FNDA:0,createRule
FNDA:0,deleteRule
FNDA:1,getVapidPublicKey
FNDA:0,saveVapidKeys
FNDA:0,subscribePush
FNDA:0,unsubscribePush
FNDA:0,listPushSubscriptions
FNDA:1,listDeliveries
FNF:15
FNH:4
DA:16,1
DA:17,1
DA:21,0
DA:22,0
DA:29,0
DA:30,0
DA:34,0
DA:38,0
DA:42,1
DA:43,1
DA:47,0
DA:48,0
DA:52,0
DA:61,1
DA:64,1
DA:68,0
DA:75,0
DA:79,0
DA:83,0
DA:84,0
DA:88,1
DA:89,1
DA:92,1
DA:104,0
LF:24
LH:9
end_of_record
TN:
SF:src/api/serverQuotas.ts
FN:15,listServerQuotas
FN:20,upsertServerQuota
FN:31,deleteServerQuota
FNDA:2,listServerQuotas
FNDA:1,upsertServerQuota
FNDA:0,deleteServerQuota
FNF:3
FNH:2
DA:16,2
DA:17,2
DA:24,1
DA:28,1
DA:32,0
LF:5
LH:4
end_of_record
TN:
SF:src/api/tunnels.ts
FN:12,listTunnels
FN:17,getTunnel
FN:22,createTunnel
FN:27,updateTunnel
FN:32,deleteTunnel
FN:36,enableTunnel
FN:40,disableTunnel
FN:44,reconnectTunnel
FN:49,getAgentTunnel
FNDA:1,listTunnels
FNDA:0,getTunnel
FNDA:0,createTunnel
FNDA:0,updateTunnel
FNDA:0,deleteTunnel
FNDA:0,enableTunnel
FNDA:0,disableTunnel
FNDA:0,reconnectTunnel
FNDA:0,getAgentTunnel
FNF:9
FNH:1
DA:13,1
DA:14,1
DA:18,0
DA:19,0
DA:23,0
DA:24,0
DA:28,0
DA:29,0
DA:33,0
DA:37,0
DA:41,0
DA:45,0
DA:46,0
DA:50,0
DA:51,0
DA:52,0
DA:54,0
LF:17
LH:2
end_of_record
TN:
SF:src/composables/useArchiveBrowser.ts
FN:113,(anonymous_5)
FN:114,(anonymous_6)
FN:117,(anonymous_7)
FN:130,(anonymous_8)
FN:134,(anonymous_9)
FN:156,(anonymous_10)
FN:161,(anonymous_11)
FN:164,(anonymous_12)
FN:168,(anonymous_13)
FN:171,(anonymous_14)
FN:176,(anonymous_15)
FN:179,loadArchives
FN:192,selectArchive
FN:202,loadContents
FN:218,(anonymous_19)
FN:234,navigateTo
FN:238,entryName
FN:242,downloadEntry
FN:26,normalizeIndexStatus
FN:262,restoreEntry
FN:284,deleteArchive
FN:290,deleteArchiveByName
FN:67,useArchiveBrowser
FN:81,stopPolling
FN:88,startPolling
FN:90,(anonymous_4)
FNDA:27,(anonymous_5)
FNDA:271,(anonymous_6)
FNDA:8,(anonymous_7)
FNDA:7,(anonymous_8)
FNDA:7,(anonymous_9)
FNDA:7,(anonymous_10)
FNDA:0,(anonymous_11)
FNDA:7,(anonymous_12)
FNDA:7,(anonymous_13)
FNDA:7,(anonymous_14)
FNDA:0,(anonymous_15)
FNDA:59,loadArchives
FNDA:7,selectArchive
FNDA:8,loadContents
FNDA:7,(anonymous_19)
FNDA:1,navigateTo
FNDA:0,entryName
FNDA:0,downloadEntry
FNDA:8,normalizeIndexStatus
FNDA:0,restoreEntry
FNDA:0,deleteArchive
FNDA:0,deleteArchiveByName
FNDA:34,useArchiveBrowser
FNDA:8,stopPolling
FNDA:1,startPolling
FNDA:0,(anonymous_4)
FNF:26
FNH:18
DA:18,34
DA:20,34
DA:21,34
DA:22,34
DA:27,8
DA:28,1
DA:29,1
DA:30,1
DA:68,34
DA:69,34
DA:70,34
DA:71,34
DA:73,34
DA:74,34
DA:75,34
DA:76,34
DA:77,34
DA:79,34
DA:82,8
DA:83,0
DA:84,0
DA:89,1
DA:90,1
DA:91,0
DA:92,0
DA:95,0
DA:96,0
DA:97,0
DA:98,0
DA:99,0
DA:100,0
DA:101,0
DA:102,0
DA:103,0
DA:106,0
DA:107,0
DA:108,0
DA:113,34
DA:114,271
DA:117,34
DA:118,8
DA:119,8
DA:120,1
DA:121,1
DA:122,1
DA:123,1
DA:124,1
DA:125,1
DA:127,1
DA:130,34
DA:131,7
DA:132,7
DA:134,7
DA:135,7
DA:137,7
DA:138,0
DA:139,7
DA:140,6
DA:143,7
DA:144,1
DA:145,1
DA:155,7
DA:157,7
DA:158,7
DA:159,7
DA:161,0
DA:162,7
DA:164,7
DA:168,34
DA:169,7
DA:170,7
DA:172,7
DA:173,0
DA:174,0
DA:176,0
DA:180,59
DA:181,59
DA:182,59
DA:183,59
DA:184,58
DA:186,0
DA:188,58
DA:193,7
DA:194,7
DA:195,7
DA:196,7
DA:197,7
DA:198,7
DA:199,7
DA:203,8
DA:204,8
DA:205,8
DA:206,8
DA:207,8
DA:208,8
DA:209,8
DA:210,8
DA:214,8
DA:215,8
DA:216,8
DA:217,7
DA:218,7
DA:219,7
DA:223,1
DA:224,1
DA:225,1
DA:228,0
DA:230,8
DA:235,1
DA:239,0
DA:243,0
DA:244,0
DA:245,0
DA:246,0
DA:247,0
DA:252,0
DA:253,0
DA:254,0
DA:257,0
DA:258,0
DA:259,0
DA:263,0
DA:264,0
DA:266,0
DA:267,0
DA:268,0
DA:270,0
DA:278,0
DA:279,0
DA:281,0
DA:285,0
DA:286,0
DA:287,0
DA:291,0
DA:295,0
DA:296,0
DA:304,0
DA:305,0
DA:306,0
DA:307,0
DA:308,0
DA:309,0
DA:310,0
DA:313,0
DA:316,34
LF:145
LH:87
end_of_record
TN:
SF:src/composables/useAsyncAction.ts
FN:20,useAsyncAction
FN:24,run
FNDA:121,useAsyncAction
FNDA:113,run
FNF:2
FNH:2
DA:21,121
DA:22,121
DA:25,113
DA:26,113
DA:27,113
DA:28,113
DA:30,1
DA:31,1
DA:33,113
DA:37,121
LF:10
LH:10
end_of_record
TN:
SF:src/composables/useBackendStatus.ts
FN:102,(anonymous_11)
FN:116,useBackendStatus
FN:20,(anonymous_0)
FN:24,startCountdown
FN:28,(anonymous_2)
FN:37,stopCountdown
FN:48,retryNow
FN:64,recordHttpFailure
FN:71,recordHttpSuccess
FN:76,(anonymous_7)
FN:81,(anonymous_8)
FN:89,(anonymous_9)
FN:93,(anonymous_10)
FNDA:0,(anonymous_11)
FNDA:131,useBackendStatus
FNDA:133,(anonymous_0)
FNDA:0,startCountdown
FNDA:0,(anonymous_2)
FNDA:1536,stopCountdown
FNDA:0,retryNow
FNDA:0,recordHttpFailure
FNDA:1404,recordHttpSuccess
FNDA:146,(anonymous_7)
FNDA:0,(anonymous_8)
FNDA:1404,(anonymous_9)
FNDA:10,(anonymous_10)
FNF:13
FNH:7
DA:8,144
DA:9,144
DA:11,144
DA:12,144
DA:13,144
DA:15,144
DA:16,144
DA:18,144
DA:20,144
DA:21,133
DA:25,0
DA:26,0
DA:28,0
DA:29,0
DA:30,0
DA:31,0
DA:32,0
DA:38,1536
DA:39,0
DA:40,0
DA:42,1536
DA:43,9
DA:44,9
DA:49,0
DA:50,0
DA:51,0
DA:52,0
DA:53,0
DA:54,0
DA:55,0
DA:57,0
DA:58,0
DA:60,0
DA:65,0
DA:66,0
DA:67,0
DA:72,1404
DA:73,1404
DA:76,144
DA:77,146
DA:78,132
DA:79,132
DA:80,14
DA:81,14
DA:82,0
DA:83,0
DA:89,144
DA:91,1404
DA:92,1404
DA:95,10
DA:96,0
DA:98,10
DA:102,144
DA:103,0
DA:104,0
DA:105,0
DA:117,131
LF:57
LH:29
end_of_record
TN:
SF:src/composables/useClipboard.ts
FN:11,useClipboard
FN:14,copy
FN:17,(anonymous_2)
FNDA:58,useClipboard
FNDA:0,copy
FNDA:0,(anonymous_2)
FNF:3
FNH:1
DA:12,58
DA:15,0
DA:16,0
DA:17,0
DA:18,0
DA:22,58
LF:6
LH:2
end_of_record
TN:
SF:src/composables/useEscapeKey.ts
FN:14,(anonymous_2)
FN:25,(anonymous_3)
FN:6,useEscapeKey
FN:7,handler
FNDA:319,(anonymous_2)
FNDA:24,(anonymous_3)
FNDA:319,useEscapeKey
FNDA:0,handler
FNF:4
FNH:3
DA:8,0
DA:9,0
DA:13,319
DA:16,319
DA:17,1
DA:19,318
DA:25,319
DA:26,24
LF:8
LH:6
end_of_record
TN:
SF:src/composables/useMobile.ts
FN:12,useMobile
FN:23,check
FN:34,onResize
FN:36,(anonymous_3)
FN:42,(anonymous_4)
FN:47,(anonymous_5)
FNDA:54,useMobile
FNDA:54,check
FNDA:0,onResize
FNDA:0,(anonymous_3)
FNDA:54,(anonymous_4)
FNDA:23,(anonymous_5)
FNF:6
FNH:4
DA:6,54
DA:7,54
DA:8,54
DA:17,54
DA:18,54
DA:19,54
DA:21,54
DA:24,54
DA:25,54
DA:26,54
DA:28,54
DA:29,54
DA:30,54
DA:31,54
DA:35,0
DA:36,0
DA:37,0
DA:38,0
DA:42,54
DA:43,54
DA:44,54
DA:47,54
DA:48,23
DA:49,23
DA:52,54
LF:25
LH:21
end_of_record
TN:
SF:src/composables/useTheme.ts
FN:14,getSystemPreference
FN:21,isTheme
FN:25,getStoredTheme
FN:30,resolveTheme
FN:37,applyTheme
FN:50,(anonymous_5)
FN:58,syncToBackend
FN:66,(anonymous_7)
FN:72,useTheme
FN:77,setTheme
FN:83,loadFromBackend
FNDA:144,getSystemPreference
FNDA:0,isTheme
FNDA:144,getStoredTheme
FNDA:144,resolveTheme
FNDA:144,applyTheme
FNDA:0,(anonymous_5)
FNDA:0,syncToBackend
FNDA:0,(anonymous_7)
FNDA:132,useTheme
FNDA:0,setTheme
FNDA:132,loadFromBackend
FNF:11
FNH:6
DA:12,144
DA:15,144
DA:16,0
DA:18,144
DA:22,0
DA:26,144
DA:27,144
DA:31,144
DA:32,144
DA:34,0
DA:38,144
DA:39,144
DA:40,0
DA:42,144
DA:46,144
DA:47,144
DA:49,144
DA:50,144
DA:51,0
DA:52,0
DA:56,144
DA:59,0
DA:60,0
DA:62,0
DA:66,144
DA:67,0
DA:68,0
DA:78,0
DA:79,0
DA:80,0
DA:84,132
DA:85,132
DA:86,129
DA:87,129
DA:88,0
DA:89,0
DA:90,0
DA:91,0
DA:92,0
DA:95,0
DA:99,132
LF:41
LH:21
end_of_record
TN:
SF:src/composables/useTimezone.ts
FN:13,getConfiguredTimezone
FN:17,useTimezone
FN:22,setTimezone
FN:31,loadFromBackend
FNDA:209084,getConfiguredTimezone
FNDA:134,useTimezone
FNDA:126,setTimezone
FNDA:131,loadFromBackend
FNF:4
FNH:4
DA:9,144
DA:11,144
DA:14,209084
DA:23,126
DA:24,126
DA:25,126
DA:27,0
DA:32,131
DA:33,131
DA:34,126
DA:35,126
DA:37,3
DA:41,134
LF:13
LH:12
end_of_record
TN:
SF:src/composables/useToast.ts
FN:18,addToast
FN:23,(anonymous_1)
FN:29,removeToast
FN:30,(anonymous_3)
FN:36,useToast
FN:46,(anonymous_5)
FN:47,(anonymous_6)
FN:48,(anonymous_7)
FN:49,(anonymous_8)
FNDA:19,addToast
FNDA:9,(anonymous_1)
FNDA:9,removeToast
FNDA:9,(anonymous_3)
FNDA:247,useToast
FNDA:18,(anonymous_5)
FNDA:1,(anonymous_6)
FNDA:0,(anonymous_7)
FNDA:0,(anonymous_8)
FNF:9
FNH:7
DA:15,144
DA:16,144
DA:19,19
DA:20,19
DA:22,19
DA:23,19
DA:24,9
DA:30,9
DA:31,9
DA:32,9
DA:44,247
DA:46,18
DA:47,1
DA:48,0
DA:49,0
LF:15
LH:13
end_of_record
TN:
SF:src/composables/useWebSocket.ts
FN:114,useWebSocket
FN:117,(anonymous_13)
FN:126,(anonymous_14)
FN:33,buildUrl
FN:39,connect
FN:42,(anonymous_2)
FN:47,(anonymous_3)
FN:57,(anonymous_4)
FN:61,(anonymous_5)
FN:66,(anonymous_6)
FN:72,cancelScheduledReconnect
FN:79,scheduleReconnect
FN:82,(anonymous_9)
FN:89,forceReconnect
FN:99,(anonymous_11)
FNDA:293,useWebSocket
FNDA:526,(anonymous_13)
FNDA:29,(anonymous_14)
FNDA:146,buildUrl
FNDA:146,connect
FNDA:132,(anonymous_2)
FNDA:1158,(anonymous_3)
FNDA:755,(anonymous_4)
FNDA:14,(anonymous_5)
FNDA:14,(anonymous_6)
FNDA:14,cancelScheduledReconnect
FNDA:14,scheduleReconnect
FNDA:2,(anonymous_9)
FNDA:0,forceReconnect
FNDA:0,(anonymous_11)
FNF:15
FNH:13
DA:24,144
DA:26,144
DA:27,144
DA:29,144
DA:30,144
DA:31,144
DA:35,146
DA:36,146
DA:40,146
DA:42,146
DA:43,132
DA:44,132
DA:47,146
DA:49,1158
DA:50,1158
DA:52,0
DA:55,1158
DA:56,1158
DA:57,755
DA:61,146
DA:62,14
DA:63,14
DA:66,146
DA:67,14
DA:68,14
DA:73,14
DA:74,0
DA:75,0
DA:80,14
DA:81,14
DA:82,14
DA:83,2
DA:84,2
DA:85,2
DA:90,0
DA:91,0
DA:93,0
DA:97,144
DA:99,144
DA:100,0
DA:101,0
DA:102,0
DA:103,0
DA:104,0
DA:105,0
DA:106,0
DA:107,0
DA:109,0
DA:110,0
DA:115,293
DA:117,293
DA:118,526
DA:119,460
DA:121,526
DA:122,526
DA:123,526
DA:126,293
DA:127,29
DA:128,75
DA:132,293
LF:60
LH:44
end_of_record
TN:
SF:src/main.ts
FN:19,(anonymous_0)
FNDA:0,(anonymous_0)
FNF:1
FNH:0
DA:12,144
DA:18,144
DA:19,144
LF:3
LH:3
end_of_record
TN:
SF:src/primevue-pt.ts
FN:14,buttonRootClasses
FN:32,selectRootClasses
FN:36,selectOverlayClasses
FN:40,paginatorControlClasses
FNDA:0,buttonRootClasses
FNDA:2,selectRootClasses
FNDA:288,selectOverlayClasses
FNDA:10,paginatorControlClasses
FNF:4
FNH:3
DA:9,144
DA:10,144
DA:11,144
DA:12,144
DA:17,0
DA:18,0
DA:20,0
DA:21,0
DA:27,0
DA:29,0
DA:33,2
DA:37,288
DA:41,10
DA:44,144
LF:14
LH:8
end_of_record
TN:
SF:src/router/index.ts
FN:10,(anonymous_0)
FN:100,(anonymous_22)
FN:103,(anonymous_23)
FN:109,(anonymous_24)
FN:120,(anonymous_25)
FN:16,(anonymous_1)
FN:20,(anonymous_2)
FN:21,(anonymous_3)
FN:24,(anonymous_4)
FN:28,(anonymous_5)
FN:31,(anonymous_6)
FN:35,(anonymous_7)
FN:36,(anonymous_8)
FN:39,(anonymous_9)
FN:45,(anonymous_10)
FN:49,(anonymous_11)
FN:52,(anonymous_12)
FN:58,(anonymous_13)
FN:64,(anonymous_14)
FN:70,(anonymous_15)
FN:76,(anonymous_16)
FN:83,(anonymous_17)
FN:89,(anonymous_18)
FN:94,(anonymous_19)
FN:98,(anonymous_20)
FN:99,(anonymous_21)
FNDA:14,(anonymous_0)
FNDA:1,(anonymous_22)
FNDA:0,(anonymous_23)
FNDA:0,(anonymous_24)
FNDA:208,(anonymous_25)
FNDA:0,(anonymous_1)
FNDA:29,(anonymous_2)
FNDA:17,(anonymous_3)
FNDA:2,(anonymous_4)
FNDA:24,(anonymous_5)
FNDA:34,(anonymous_6)
FNDA:1,(anonymous_7)
FNDA:5,(anonymous_8)
FNDA:1,(anonymous_9)
FNDA:29,(anonymous_10)
FNDA:6,(anonymous_11)
FNDA:1,(anonymous_12)
FNDA:4,(anonymous_13)
FNDA:2,(anonymous_14)
FNDA:1,(anonymous_15)
FNDA:0,(anonymous_16)
FNDA:1,(anonymous_17)
FNDA:1,(anonymous_18)
FNDA:1,(anonymous_19)
FNDA:1,(anonymous_20)
FNDA:0,(anonymous_21)
FNF:26
FNH:21
DA:7,144
DA:10,14
DA:16,0
DA:20,29
DA:21,17
DA:24,2
DA:28,24
DA:31,34
DA:35,1
DA:36,5
DA:39,1
DA:45,29
DA:49,6
DA:52,1
DA:58,4
DA:64,2
DA:70,1
DA:76,0
DA:83,1
DA:89,1
DA:94,1
DA:98,1
DA:99,0
DA:100,1
DA:103,0
DA:109,0
DA:115,144
DA:120,144
DA:121,208
DA:122,14
DA:125,194
DA:126,194
DA:127,132
DA:130,187
DA:131,2
DA:134,185
DA:135,0
DA:138,185
DA:139,1
DA:142,184
LF:40
LH:34
end_of_record
TN:
SF:src/stores/auth.ts
FN:113,verifyTotp
FN:158,changePassword
FN:165,logout
FN:182,resetTotpState
FN:26,(anonymous_0)
FN:28,(anonymous_1)
FN:38,scheduleRefresh
FN:46,(anonymous_3)
FN:52,doRefresh
FN:62,fetchMe
FN:83,login
FNDA:0,verifyTotp
FNDA:0,changePassword
FNDA:0,logout
FNDA:0,resetTotpState
FNDA:144,(anonymous_0)
FNDA:132,(anonymous_1)
FNDA:0,scheduleRefresh
FNDA:0,(anonymous_3)
FNDA:0,doRefresh
FNDA:133,fetchMe
FNDA:9,login
FNF:11
FNH:4
DA:20,144
DA:24,144
DA:26,144
DA:27,144
DA:28,144
DA:29,144
DA:30,144
DA:31,144
DA:32,144
DA:35,144
DA:36,144
DA:39,0
DA:40,0
DA:41,0
DA:43,0
DA:44,0
DA:45,0
DA:46,0
DA:47,0
DA:48,0
DA:53,0
DA:54,0
DA:55,0
DA:56,0
DA:58,0
DA:63,133
DA:64,133
DA:71,123
DA:72,123
DA:73,0
DA:74,0
DA:75,0
DA:78,2
DA:79,2
DA:84,9
DA:96,9
DA:97,0
DA:98,0
DA:99,0
DA:102,9
DA:103,9
DA:104,9
DA:105,9
DA:106,0
DA:109,9
DA:110,9
DA:114,0
DA:116,0
DA:125,0
DA:126,0
DA:127,0
DA:128,0
DA:129,0
DA:132,0
DA:133,0
DA:134,0
DA:138,0
DA:147,0
DA:148,0
DA:149,0
DA:150,0
DA:151,0
DA:154,0
DA:155,0
DA:159,0
DA:160,0
DA:161,0
DA:166,0
DA:167,0
DA:169,0
DA:170,0
DA:171,0
DA:173,0
DA:174,0
DA:175,0
DA:176,0
DA:177,0
DA:178,0
DA:183,0
DA:184,0
DA:187,144
LF:81
LH:26
end_of_record
TN:
SF:src/stores/ui.ts
FN:10,(anonymous_0)
FN:15,(anonymous_1)
FN:19,toggleSidebar
FN:24,openMobileSidebar
FN:28,closeMobileSidebar
FNDA:131,(anonymous_0)
FNDA:0,(anonymous_1)
FNDA:0,toggleSidebar
FNDA:0,openMobileSidebar
FNDA:29,closeMobileSidebar
FNF:5
FNH:2
DA:8,144
DA:10,144
DA:12,131
DA:13,131
DA:15,131
DA:16,0
DA:20,0
DA:21,0
DA:25,0
DA:29,29
DA:32,131
LF:11
LH:7
end_of_record
TN:
SF:src/utils/backupStatus.ts
FN:19,normalizeBackupStatus
FNDA:5958,normalizeBackupStatus
FNF:1
FNH:1
DA:20,5958
DA:21,5958
DA:22,353
DA:23,350
DA:24,322
DA:25,322
DA:26,164
LF:7
LH:7
end_of_record
TN:
SF:src/utils/cron.ts
FN:10,cronTimeToDisplay
FN:24,(anonymous_1)
FN:25,(anonymous_2)
FN:29,cronToHuman
FN:53,(anonymous_4)
FNDA:979,cronTimeToDisplay
FNDA:0,(anonymous_1)
FNDA:0,(anonymous_2)
FNDA:1005,cronToHuman
FNDA:11,(anonymous_4)
FNF:5
FNH:3
DA:7,69
DA:8,69
DA:11,979
DA:12,979
DA:13,979
DA:15,0
DA:16,0
DA:19,0
DA:24,0
DA:25,0
DA:26,0
DA:30,1005
DA:31,1005
DA:33,1005
DA:35,1005
DA:36,1005
DA:37,3
DA:38,3
DA:41,1002
DA:42,1002
DA:43,1002
DA:45,979
DA:47,979
DA:48,968
DA:51,11
DA:52,11
DA:53,11
DA:54,11
DA:55,11
DA:57,11
DA:60,0
DA:61,0
DA:64,0
LF:33
LH:24
end_of_record
TN:
SF:src/utils/error.ts
FN:13,isServerErrorBody
FN:17,formatAxiosErrorMessage
FN:34,extractError
FN:65,extractBlobError
FNDA:2,isServerErrorBody
FNDA:2,formatAxiosErrorMessage
FNDA:1,extractError
FNDA:1,extractBlobError
FNF:4
FNH:4
DA:14,2
DA:26,2
DA:28,2
DA:30,2
DA:31,2
DA:35,1
DA:37,1
DA:38,1
DA:39,1
DA:40,1
DA:45,1
DA:46,0
DA:47,1
DA:48,1
DA:49,1
DA:52,1
DA:53,1
DA:56,0
DA:57,0
DA:58,0
DA:61,0
DA:62,0
DA:66,1
DA:67,1
DA:68,1
DA:69,1
DA:70,1
DA:75,1
DA:76,1
DA:77,1
DA:78,1
DA:79,1
DA:82,0
DA:85,1
DA:86,1
DA:89,0
LF:36
LH:28
end_of_record
TN:
SF:src/utils/errorDetails.ts
FN:18,storeErrorDetails
FN:27,consumeErrorDetails
FNDA:0,storeErrorDetails
FNDA:0,consumeErrorDetails
FNF:2
FNH:0
DA:4,144
DA:19,0
DA:20,0
DA:28,0
DA:29,0
DA:30,0
DA:31,0
DA:33,0
DA:34,0
DA:36,0
LF:10
LH:1
end_of_record
TN:
SF:src/utils/fileChangePatterns.ts
FN:25,parseFileChangePatterns
FN:28,(anonymous_1)
FN:29,(anonymous_2)
FN:30,(anonymous_3)
FN:46,serializeFileChangePatterns
FN:48,(anonymous_5)
FNDA:10,parseFileChangePatterns
FNDA:11,(anonymous_1)
FNDA:11,(anonymous_2)
FNDA:9,(anonymous_3)
FNDA:7,serializeFileChangePatterns
FNDA:8,(anonymous_5)
FNF:6
FNH:6
DA:12,31
DA:26,10
DA:28,11
DA:29,11
DA:31,9
DA:32,9
DA:33,9
DA:34,9
DA:39,9
DA:42,0
DA:47,7
DA:48,8
LF:12
LH:11
end_of_record
TN:
SF:src/utils/format.ts
FN:13,formatDate
FN:20,formatDateShort
FN:31,formatDuration
FN:41,relativeTime
FN:6,formatBytes
FNDA:1351,formatDate
FNDA:421,formatDateShort
FNDA:175,formatDuration
FNDA:2009,relativeTime
FNDA:4679,formatBytes
FNF:5
FNH:5
DA:7,4679
DA:8,4580
DA:9,4580
DA:10,4580
DA:14,1351
DA:15,1330
DA:21,421
DA:22,165
DA:32,175
DA:33,7
DA:34,7
DA:35,7
DA:36,0
DA:37,0
DA:38,0
DA:42,2009
DA:43,2009
DA:44,2009
DA:45,2009
DA:46,1802
DA:47,1802
DA:48,1802
DA:49,945
DA:50,945
DA:51,808
DA:53,207
DA:54,207
DA:55,207
DA:56,95
DA:57,95
DA:58,28
LF:31
LH:28
end_of_record
TN:
SF:src/utils/logger.ts
FNF:0
FNH:0
DA:5,144
LF:1
LH:1
end_of_record
TN:
SF:src/utils/quota.ts
FN:14,actionLabel
FN:18,bytesToGb
FN:23,gbToBytes
FNDA:68,actionLabel
FNDA:2,bytesToGb
FNDA:2,gbToBytes
FNF:3
FNH:3
DA:6,36
DA:8,36
DA:15,68
DA:19,2
DA:24,2
LF:5
LH:5
end_of_record
TN:
SF:src/utils/storage.ts
FN:12,writeStorage
FN:16,removeStorage
FN:4,getLocalStorage
FN:8,readStorage
FNDA:126,writeStorage
FNDA:0,removeStorage
FNDA:545,getLocalStorage
FNDA:419,readStorage
FNF:4
FNH:3
DA:5,545
DA:9,419
DA:13,126
DA:17,0
LF:4
LH:3
end_of_record
TN:
SF:src/utils/validation.ts
FN:11,validatePassword
FN:4,parseLines
FN:7,(anonymous_1)
FN:8,(anonymous_2)
FNDA:0,validatePassword
FNDA:3,parseLines
FNDA:3,(anonymous_1)
FNDA:3,(anonymous_2)
FNF:4
FNH:3
DA:5,3
DA:7,3
DA:8,3
DA:12,0
DA:13,0
DA:15,0
DA:16,0
DA:18,0
LF:8
LH:3
end_of_record
